#
# There is insufficient memory for the Java Runtime Environment to continue.
# Native memory allocation (malloc) failed to allocate 1112736 bytes for Chunk::new
# Possible reasons:
#   The system is out of physical RAM or swap space
#   The process is running with CompressedOops enabled, and the Java Heap may be blocking the growth of the native heap
# Possible solutions:
#   Reduce memory load on the system
#   Increase physical memory or swap space
#   Check if swap backing store is full
#   Decrease Java heap size (-Xmx/-Xms)
#   Decrease number of Java threads
#   Decrease Java thread stack sizes (-Xss)
#   Set larger code cache with -XX:ReservedCodeCacheSize=
#   JVM is running with Zero Based Compressed Oops mode in which the Java heap is
#     placed in the first 32GB address space. The Java Heap base address is the
#     maximum limit for the native heap growth. Please use -XX:HeapBaseMinAddress
#     to set the Java Heap base and to place the Java Heap above 32GB virtual address.
# This output file may be truncated or incomplete.
#
#  Out of Memory Error (allocation.cpp:389), pid=9604, tid=0x0000000000001a8c
#
# JRE version: OpenJDK Runtime Environment (8.0_242-b01) (build 1.8.0_242-release-1644-b01)
# Java VM: OpenJDK 64-Bit Server VM (25.242-b01 mixed mode windows-amd64 compressed oops)
# Failed to write core dump. Minidumps are not enabled by default on client versions of Windows
#

---------------  T H R E A D  ---------------

Current thread (0x000000001ea0e000):  JavaThread "C2 CompilerThread2" daemon [_thread_in_native, id=6796, stack(0x000000001f4d0000,0x000000001f5d0000)]

Stack: [0x000000001f4d0000,0x000000001f5d0000]
[error occurred during error reporting (printing stack bounds), id 0xc0000005]

Native frames: (J=compiled Java code, j=interpreted, Vv=VM code, C=native code)


Current CompileTask:
C2: 252815 26229       4       com.android.tools.r8.ir.optimize.l::r (1062 bytes)


---------------  P R O C E S S  ---------------

Java Threads: ( => current thread )
  0x0000000027d5f800 JavaThread "RMI Reaper" [_thread_blocked, id=692, stack(0x000000002fe40000,0x000000002ff40000)]
  0x0000000027d5b800 JavaThread "RMI TCP Accept-0" daemon [_thread_in_native, id=6504, stack(0x000000002fb40000,0x000000002fc40000)]
  0x0000000027d60000 JavaThread "GC Daemon" daemon [_thread_blocked, id=4968, stack(0x000000002fa40000,0x000000002fb40000)]
  0x0000000027d5c800 JavaThread "RMI Scheduler(0)" daemon [_thread_blocked, id=7408, stack(0x000000002cc90000,0x000000002cd90000)]
  0x0000000027d52800 JavaThread "WorkerExecutor Queue Thread 11" [_thread_blocked, id=14048, stack(0x00000000231f0000,0x00000000232f0000)]
  0x0000000027d58800 JavaThread "WorkerExecutor Queue Thread 10" [_thread_in_native, id=3400, stack(0x000000002c590000,0x000000002c690000)]
  0x0000000027d57000 JavaThread "Cache worker for Java compile cache (D:\vishal\skimpe_browser_files\SKYINBROWSER\.gradle\6.1.1\javaCompile)" [_thread_blocked, id=5172, stack(0x0000000030340000,0x0000000030440000)]
  0x0000000027d51800 JavaThread "Cache worker for Java compile cache (C:\Users\Vishal\.gradle\caches\6.1.1\javaCompile)" [_thread_blocked, id=2940, stack(0x0000000030240000,0x0000000030340000)]
  0x0000000027d51000 JavaThread "WorkerExecutor Queue Thread 9" [_thread_blocked, id=10908, stack(0x000000002cb90000,0x000000002cc90000)]
  0x0000000026a6e000 JavaThread "stdout" [_thread_in_native, id=13896, stack(0x000000002f540000,0x000000002f640000)]
  0x0000000026a6d000 JavaThread "stderr" [_thread_in_native, id=2432, stack(0x000000002f440000,0x000000002f540000)]
  0x0000000026a6c800 JavaThread "stdout" [_thread_in_native, id=10348, stack(0x000000002f340000,0x000000002f440000)]
  0x0000000026a6f800 JavaThread "stderr" [_thread_in_native, id=9512, stack(0x000000002f240000,0x000000002f340000)]
  0x0000000027990000 JavaThread "stdout" [_thread_in_native, id=7780, stack(0x000000002f140000,0x000000002f240000)]
  0x0000000027985000 JavaThread "stderr" [_thread_in_native, id=10516, stack(0x000000002f040000,0x000000002f140000)]
  0x000000002522c000 JavaThread "stdout" [_thread_in_native, id=2920, stack(0x000000002ef40000,0x000000002f040000)]
  0x000000002522d800 JavaThread "stderr" [_thread_in_native, id=4440, stack(0x000000002ee40000,0x000000002ef40000)]
  0x0000000025229800 JavaThread "stdout" [_thread_in_native, id=6416, stack(0x000000002ed40000,0x000000002ee40000)]
  0x000000002522f000 JavaThread "stderr" [_thread_in_native, id=7732, stack(0x000000002ec40000,0x000000002ed40000)]
  0x000000002522c800 JavaThread "stdout" [_thread_in_native, id=8628, stack(0x000000002eb40000,0x000000002ec40000)]
  0x000000002522e000 JavaThread "stderr" [_thread_in_native, id=9976, stack(0x000000002ea40000,0x000000002eb40000)]
  0x000000002522a800 JavaThread "stdout" [_thread_in_native, id=2640, stack(0x000000002e940000,0x000000002ea40000)]
  0x000000002522b000 JavaThread "stdout" [_thread_in_native, id=9628, stack(0x000000002e840000,0x000000002e940000)]
  0x0000000025223800 JavaThread "stderr" [_thread_in_native, id=4344, stack(0x000000002e740000,0x000000002e840000)]
  0x0000000025222000 JavaThread "stderr" [_thread_in_native, id=1536, stack(0x000000002d400000,0x000000002d500000)]
  0x0000000025222800 JavaThread "pool-3-thread-1" [_thread_blocked, id=2320, stack(0x000000002e500000,0x000000002e600000)]
  0x0000000025225000 JavaThread "MarlinRenderer Disposer" daemon [_thread_blocked, id=8748, stack(0x000000002d300000,0x000000002d400000)]
  0x0000000025228000 JavaThread "Java2D Disposer" daemon [_thread_blocked, id=13952, stack(0x000000002d190000,0x000000002d290000)]
  0x0000000025227800 JavaThread "WorkerExecutor Queue Thread 6" [_thread_blocked, id=1672, stack(0x000000002ca90000,0x000000002cb90000)]
  0x000000002521f800 JavaThread "WorkerExecutor Queue Thread 5" [_thread_blocked, id=8824, stack(0x000000002c990000,0x000000002ca90000)]
  0x0000000025226000 JavaThread "WorkerExecutor Queue Thread 4" [_thread_blocked, id=1616, stack(0x000000002c890000,0x000000002c990000)]
  0x0000000025221000 JavaThread "WorkerExecutor Queue Thread 3" [_thread_blocked, id=10624, stack(0x000000002c790000,0x000000002c890000)]
  0x0000000025226800 JavaThread "WorkerExecutor Queue Thread 2" [_thread_blocked, id=12852, stack(0x000000002c690000,0x000000002c790000)]
  0x000000002798c800 JavaThread "Execution worker for ':' Thread 7" [_thread_in_Java, id=8196, stack(0x000000002c190000,0x000000002c290000)]
  0x0000000027983800 JavaThread "Execution worker for ':' Thread 6" [_thread_in_vm, id=11936, stack(0x000000002c090000,0x000000002c190000)]
  0x000000002798a000 JavaThread "Execution worker for ':' Thread 5" [_thread_in_Java, id=5964, stack(0x000000002bf90000,0x000000002c090000)]
  0x0000000027985800 JavaThread "Execution worker for ':' Thread 4" [_thread_in_Java, id=13092, stack(0x000000002be90000,0x000000002bf90000)]
  0x0000000027987000 JavaThread "Execution worker for ':' Thread 3" [_thread_blocked, id=8484, stack(0x000000002bd90000,0x000000002be90000)]
  0x0000000027984000 JavaThread "Execution worker for ':' Thread 2" [_thread_in_native, id=10036, stack(0x000000002bc90000,0x000000002bd90000)]
  0x0000000027989800 JavaThread "Execution worker for ':'" [_thread_in_native, id=11736, stack(0x000000002b980000,0x000000002ba80000)]
  0x0000000027981000 JavaThread "Cache worker for execution history cache (D:\vishal\skimpe_browser_files\SKYINBROWSER\.gradle\6.1.1\executionHistory)" [_thread_blocked, id=11980, stack(0x000000002b480000,0x000000002b580000)]
  0x0000000027982000 JavaThread "Cache worker for file content cache (D:\vishal\skimpe_browser_files\SKYINBROWSER\.gradle\6.1.1\fileContent)" [_thread_blocked, id=10620, stack(0x000000002b180000,0x000000002b280000)]
  0x000000001ea18800 JavaThread "Cache worker for file content cache (C:\Users\Vishal\.gradle\caches\6.1.1\fileContent)" [_thread_blocked, id=12816, stack(0x000000002ad80000,0x000000002ae80000)]
  0x000000001ea1d000 JavaThread "Cache worker for Build Output Cleanup Cache (D:\vishal\skimpe_browser_files\SKYINBROWSER\.gradle\buildOutputCleanup)" [_thread_blocked, id=4584, stack(0x000000002aa50000,0x000000002ab50000)]
  0x000000001ea1b800 JavaThread "Build operations Thread 8" [_thread_blocked, id=13160, stack(0x0000000029c50000,0x0000000029d50000)]
  0x000000001ea1a800 JavaThread "Build operations Thread 7" [_thread_blocked, id=9800, stack(0x0000000029550000,0x0000000029650000)]
  0x0000000023da4800 JavaThread "Build operations Thread 6" [_thread_blocked, id=5860, stack(0x0000000029450000,0x0000000029550000)]
  0x0000000023da4000 JavaThread "Build operations Thread 5" [_thread_blocked, id=11092, stack(0x0000000029350000,0x0000000029450000)]
  0x0000000023da9800 JavaThread "Build operations Thread 4" [_thread_blocked, id=9260, stack(0x0000000029250000,0x0000000029350000)]
  0x0000000023dab000 JavaThread "Build operations Thread 3" [_thread_blocked, id=14300, stack(0x0000000029150000,0x0000000029250000)]
  0x0000000023da8800 JavaThread "Build operations Thread 2" [_thread_blocked, id=10072, stack(0x0000000029050000,0x0000000029150000)]
  0x0000000023da5800 JavaThread "Build operations" [_thread_blocked, id=8528, stack(0x0000000028f50000,0x0000000029050000)]
  0x0000000023da8000 JavaThread "Cache worker for cache directory md-rule (C:\Users\Vishal\.gradle\caches\6.1.1\md-rule)" [_thread_blocked, id=2572, stack(0x0000000026690000,0x0000000026790000)]
  0x0000000023da7000 JavaThread "Cache worker for cache directory md-supplier (C:\Users\Vishal\.gradle\caches\6.1.1\md-supplier)" [_thread_blocked, id=12220, stack(0x0000000026090000,0x0000000026190000)]
  0x0000000023d9c800 JavaThread "Cache worker for file hash cache (D:\vishal\skimpe_browser_files\SKYINBROWSER\.gradle\6.1.1\fileHashes)" [_thread_blocked, id=12952, stack(0x0000000025d90000,0x0000000025e90000)]
  0x0000000023da3000 JavaThread "Cache worker for checksums cache (D:\vishal\skimpe_browser_files\SKYINBROWSER\.gradle\checksums)" [_thread_blocked, id=11000, stack(0x0000000025a90000,0x0000000025b90000)]
  0x0000000023da2800 JavaThread "Thread-39" [_thread_blocked, id=9328, stack(0x0000000025990000,0x0000000025a90000)]
  0x0000000023da1000 JavaThread "Asynchronous log dispatcher for DefaultDaemonConnection: socket connection from /127.0.0.1:60384 to /127.0.0.1:60416" [_thread_blocked, id=10496, stack(0x0000000001440000,0x0000000001540000)]
  0x0000000023d9e800 JavaThread "Cancel handler" [_thread_blocked, id=7392, stack(0x0000000001340000,0x0000000001440000)]
  0x0000000023d9e000 JavaThread "Handler for socket connection from /127.0.0.1:60384 to /127.0.0.1:60416" [_thread_in_native, id=10828, stack(0x0000000001240000,0x0000000001340000)]
  0x0000000023dab800 JavaThread "Memory manager" [_thread_blocked, id=6168, stack(0x000000002a750000,0x000000002a850000)]
  0x000000001ea1c000 JavaThread "Cache worker for execution history cache (C:\Users\Vishal\.gradle\caches\6.1.1\executionHistory)" [_thread_blocked, id=7976, stack(0x0000000026190000,0x0000000026290000)]
  0x000000001ea17800 JavaThread "Cache worker for file hash cache (C:\Users\Vishal\.gradle\caches\6.1.1\fileHashes)" [_thread_blocked, id=13756, stack(0x00000000236f0000,0x00000000237f0000)]
  0x000000001ea1d800 JavaThread "File lock request listener" [_thread_in_native, id=12692, stack(0x00000000235f0000,0x00000000236f0000)]
  0x0000000021516000 JavaThread "Cache worker for journal cache (C:\Users\Vishal\.gradle\caches\journal-1)" [_thread_blocked, id=11416, stack(0x00000000234f0000,0x00000000235f0000)]
  0x00000000213db000 JavaThread "Daemon worker" [_thread_in_Java, id=10336, stack(0x0000000022ef0000,0x0000000022ff0000)]
  0x000000002126e800 JavaThread "Daemon" [_thread_blocked, id=2552, stack(0x00000000229f0000,0x0000000022af0000)]
  0x0000000021260800 JavaThread "Daemon periodic checks" [_thread_blocked, id=2904, stack(0x00000000228f0000,0x00000000229f0000)]
  0x0000000021271000 JavaThread "Incoming local TCP Connector on port 60384" [_thread_in_native, id=10188, stack(0x00000000226b0000,0x00000000227b0000)]
  0x00000000213b9000 JavaThread "Daemon health stats" [_thread_blocked, id=4580, stack(0x0000000022070000,0x0000000022170000)]
  0x000000001ea44000 JavaThread "Service Thread" daemon [_thread_blocked, id=9368, stack(0x000000001f6d0000,0x000000001f7d0000)]
  0x000000001ea1a000 JavaThread "C1 CompilerThread3" daemon [_thread_blocked, id=1240, stack(0x000000001f5d0000,0x000000001f6d0000)]
=>0x000000001ea0e000 JavaThread "C2 CompilerThread2" daemon [_thread_in_native, id=6796, stack(0x000000001f4d0000,0x000000001f5d0000)]
  0x000000001ea08000 JavaThread "C2 CompilerThread1" daemon [_thread_in_native, id=6880, stack(0x000000001f3d0000,0x000000001f4d0000)]
  0x000000001cbfa000 JavaThread "C2 CompilerThread0" daemon [_thread_in_native, id=6052, stack(0x000000001f2d0000,0x000000001f3d0000)]
  0x000000001ea04800 JavaThread "Attach Listener" daemon [_thread_blocked, id=13820, stack(0x000000001f1d0000,0x000000001f2d0000)]
  0x000000001ea03800 JavaThread "Signal Dispatcher" daemon [_thread_blocked, id=8952, stack(0x000000001f0d0000,0x000000001f1d0000)]
  0x00000000030cd000 JavaThread "Finalizer" daemon [_thread_blocked, id=10888, stack(0x000000001eed0000,0x000000001efd0000)]
  0x000000001e9f0800 JavaThread "Reference Handler" daemon [_thread_blocked, id=2148, stack(0x000000001edd0000,0x000000001eed0000)]
  0x0000000002fd0800 JavaThread "main" [_thread_blocked, id=13308, stack(0x0000000002e70000,0x0000000002f70000)]

Other Threads:
  0x000000001cbe9000 VMThread [stack: 0x000000001e8d0000,0x000000001e9d0000] [id=13156]
  0x000000001ea44800 WatcherThread [stack: 0x000000001f7d0000,0x000000001f8d0000] [id=10572]

VM state:not at safepoint (normal execution)

VM Mutex/Monitor currently owned by a thread: None

heap address: 0x00000006c0000000, size: 4096 MB, Compressed Oops mode: Zero based, Oop shift amount: 3
Narrow klass base: 0x0000000000000000, Narrow klass shift: 3
Compressed class space size: 1073741824 Address: 0x00000007c0000000

Heap:
 PSYoungGen      total 937472K, used 614600K [0x000000076ab00000, 0x00000007ad380000, 0x00000007c0000000)
  eden space 858112K, 65% used [0x000000076ab00000,0x000000078cd38ae8,0x000000079f100000)
  from space 79360K, 69% used [0x000000079f100000,0x00000007a26f9760,0x00000007a3e80000)
  to   space 81408K, 0% used [0x00000007a8400000,0x00000007a8400000,0x00000007ad380000)
 ParOldGen       total 334336K, used 229875K [0x00000006c0000000, 0x00000006d4680000, 0x000000076ab00000)
  object space 334336K, 68% used [0x00000006c0000000,0x00000006ce07ce00,0x00000006d4680000)
 Metaspace       used 105730K, capacity 111042K, committed 111384K, reserved 1146880K
  class space    used 13390K, capacity 14510K, committed 14640K, reserved 1048576K

Card table byte_map: [0x0000000012490000,0x0000000012ca0000] byte_map_base: 0x000000000ee90000

Marking Bits: (ParMarkBitMap*) 0x00000000560ef030
 Begin Bits: [0x0000000013a00000, 0x0000000017a00000)
 End Bits:   [0x0000000017a00000, 0x000000001ba00000)

Polling page: 0x0000000000df0000

CodeCache: size=245760Kb used=80127Kb max_used=80127Kb free=165632Kb
 bounds [0x00000000030d0000, 0x0000000008050000, 0x00000000120d0000]
 total_blobs=21694 nmethods=20664 adapters=941
 compilation: enabled

Compilation events (10 events):
Event: 252.702 Thread 0x000000001ea1a000 27155       2       com.android.tools.r8.u.b.o::<init> (19 bytes)
Event: 252.703 Thread 0x000000001ea1a000 nmethod 27155 0x000000000724b010 code [0x000000000724b1a0, 0x000000000724b558]
Event: 252.703 Thread 0x000000001ea1a000 27157       2       com.android.tools.r8.u.b.n::d (10 bytes)
Event: 252.705 Thread 0x000000001ea1a000 nmethod 27157 0x000000000724a850 code [0x000000000724a9e0, 0x000000000724ad08]
Event: 252.705 Thread 0x000000001ea1a000 27158       2       com.android.tools.r8.u.b.n$$Lambda$1314/1771332388::iterator (12 bytes)
Event: 252.706 Thread 0x000000001ea1a000 nmethod 27158 0x00000000073da790 code [0x00000000073da920, 0x00000000073dac68]
Event: 252.719 Thread 0x000000001ea1a000 27159       3       com.android.tools.r8.ir.optimize.l::t (468 bytes)
Event: 252.730 Thread 0x000000001ea1a000 nmethod 27159 0x00000000075a3490 code [0x00000000075a3b20, 0x00000000075a8e98]
Event: 252.730 Thread 0x000000001ea1a000 27160 %     3       com.android.tools.r8.u.b.h0::A0 @ 14 (47 bytes)
Event: 252.731 Thread 0x000000001ea1a000 nmethod 27160% 0x00000000073d9850 code [0x00000000073d9a40, 0x00000000073da418]

GC Heap History (10 events):
Event: 240.910 GC heap before
{Heap before GC invocations=49 (full 6):
 PSYoungGen      total 788480K, used 788479K [0x000000076ab00000, 0x00000007a1400000, 0x00000007c0000000)
  eden space 727040K, 100% used [0x000000076ab00000,0x0000000797100000,0x0000000797100000)
  from space 61440K, 99% used [0x000000079b680000,0x000000079f27fc08,0x000000079f280000)
  to   space 71168K, 0% used [0x0000000797100000,0x0000000797100000,0x000000079b680000)
 ParOldGen       total 334336K, used 214383K [0x00000006c0000000, 0x00000006d4680000, 0x000000076ab00000)
  object space 334336K, 64% used [0x00000006c0000000,0x00000006cd15bca0,0x00000006d4680000)
 Metaspace       used 105615K, capacity 110952K, committed 111384K, reserved 1146880K
  class space    used 13386K, capacity 14505K, committed 14640K, reserved 1048576K
Event: 241.035 GC heap after
Heap after GC invocations=49 (full 6):
 PSYoungGen      total 798208K, used 46821K [0x000000076ab00000, 0x00000007a3e80000, 0x00000007c0000000)
  eden space 727040K, 0% used [0x000000076ab00000,0x000000076ab00000,0x0000000797100000)
  from space 71168K, 65% used [0x0000000797100000,0x0000000799eb9718,0x000000079b680000)
  to   space 72704K, 0% used [0x000000079f780000,0x000000079f780000,0x00000007a3e80000)
 ParOldGen       total 334336K, used 229851K [0x00000006c0000000, 0x00000006d4680000, 0x000000076ab00000)
  object space 334336K, 68% used [0x00000006c0000000,0x00000006ce076e00,0x00000006d4680000)
 Metaspace       used 105615K, capacity 110952K, committed 111384K, reserved 1146880K
  class space    used 13386K, capacity 14505K, committed 14640K, reserved 1048576K
}
Event: 243.184 GC heap before
{Heap before GC invocations=50 (full 6):
 PSYoungGen      total 798208K, used 773861K [0x000000076ab00000, 0x00000007a3e80000, 0x00000007c0000000)
  eden space 727040K, 100% used [0x000000076ab00000,0x0000000797100000,0x0000000797100000)
  from space 71168K, 65% used [0x0000000797100000,0x0000000799eb9718,0x000000079b680000)
  to   space 72704K, 0% used [0x000000079f780000,0x000000079f780000,0x00000007a3e80000)
 ParOldGen       total 334336K, used 229851K [0x00000006c0000000, 0x00000006d4680000, 0x000000076ab00000)
  object space 334336K, 68% used [0x00000006c0000000,0x00000006ce076e00,0x00000006d4680000)
 Metaspace       used 105642K, capacity 110952K, committed 111384K, reserved 1146880K
  class space    used 13386K, capacity 14505K, committed 14640K, reserved 1048576K
Event: 243.276 GC heap after
Heap after GC invocations=50 (full 6):
 PSYoungGen      total 861184K, used 53768K [0x000000076ab00000, 0x00000007a4500000, 0x00000007c0000000)
  eden space 788480K, 0% used [0x000000076ab00000,0x000000076ab00000,0x000000079ad00000)
  from space 72704K, 73% used [0x000000079f780000,0x00000007a2c02300,0x00000007a3e80000)
  to   space 76288K, 0% used [0x000000079ad00000,0x000000079ad00000,0x000000079f780000)
 ParOldGen       total 334336K, used 229859K [0x00000006c0000000, 0x00000006d4680000, 0x000000076ab00000)
  object space 334336K, 68% used [0x00000006c0000000,0x00000006ce078e00,0x00000006d4680000)
 Metaspace       used 105642K, capacity 110952K, committed 111384K, reserved 1146880K
  class space    used 13386K, capacity 14505K, committed 14640K, reserved 1048576K
}
Event: 245.645 GC heap before
{Heap before GC invocations=51 (full 6):
 PSYoungGen      total 861184K, used 842248K [0x000000076ab00000, 0x00000007a4500000, 0x00000007c0000000)
  eden space 788480K, 100% used [0x000000076ab00000,0x000000079ad00000,0x000000079ad00000)
  from space 72704K, 73% used [0x000000079f780000,0x00000007a2c02300,0x00000007a3e80000)
  to   space 76288K, 0% used [0x000000079ad00000,0x000000079ad00000,0x000000079f780000)
 ParOldGen       total 334336K, used 229859K [0x00000006c0000000, 0x00000006d4680000, 0x000000076ab00000)
  object space 334336K, 68% used [0x00000006c0000000,0x00000006ce078e00,0x00000006d4680000)
 Metaspace       used 105662K, capacity 110956K, committed 111384K, reserved 1146880K
  class space    used 13386K, capacity 14505K, committed 14640K, reserved 1048576K
Event: 245.779 GC heap after
Heap after GC invocations=51 (full 6):
 PSYoungGen      total 864768K, used 52935K [0x000000076ab00000, 0x00000007a8c80000, 0x00000007c0000000)
  eden space 788480K, 0% used [0x000000076ab00000,0x000000076ab00000,0x000000079ad00000)
  from space 76288K, 69% used [0x000000079ad00000,0x000000079e0b1e58,0x000000079f780000)
  to   space 78336K, 0% used [0x00000007a4000000,0x00000007a4000000,0x00000007a8c80000)
 ParOldGen       total 334336K, used 229867K [0x00000006c0000000, 0x00000006d4680000, 0x000000076ab00000)
  object space 334336K, 68% used [0x00000006c0000000,0x00000006ce07ae00,0x00000006d4680000)
 Metaspace       used 105662K, capacity 110956K, committed 111384K, reserved 1146880K
  class space    used 13386K, capacity 14505K, committed 14640K, reserved 1048576K
}
Event: 248.435 GC heap before
{Heap before GC invocations=52 (full 6):
 PSYoungGen      total 864768K, used 841415K [0x000000076ab00000, 0x00000007a8c80000, 0x00000007c0000000)
  eden space 788480K, 100% used [0x000000076ab00000,0x000000079ad00000,0x000000079ad00000)
  from space 76288K, 69% used [0x000000079ad00000,0x000000079e0b1e58,0x000000079f780000)
  to   space 78336K, 0% used [0x00000007a4000000,0x00000007a4000000,0x00000007a8c80000)
 ParOldGen       total 334336K, used 229867K [0x00000006c0000000, 0x00000006d4680000, 0x000000076ab00000)
  object space 334336K, 68% used [0x00000006c0000000,0x00000006ce07ae00,0x00000006d4680000)
 Metaspace       used 105705K, capacity 111040K, committed 111384K, reserved 1146880K
  class space    used 13390K, capacity 14509K, committed 14640K, reserved 1048576K
Event: 248.534 GC heap after
Heap after GC invocations=52 (full 6):
 PSYoungGen      total 935936K, used 51383K [0x000000076ab00000, 0x00000007a8c00000, 0x00000007c0000000)
  eden space 858112K, 0% used [0x000000076ab00000,0x000000076ab00000,0x000000079f100000)
  from space 77824K, 66% used [0x00000007a4000000,0x00000007a722deb0,0x00000007a8c00000)
  to   space 79360K, 0% used [0x000000079f100000,0x000000079f100000,0x00000007a3e80000)
 ParOldGen       total 334336K, used 229867K [0x00000006c0000000, 0x00000006d4680000, 0x000000076ab00000)
  object space 334336K, 68% used [0x00000006c0000000,0x00000006ce07ae00,0x00000006d4680000)
 Metaspace       used 105705K, capacity 111040K, committed 111384K, reserved 1146880K
  class space    used 13390K, capacity 14509K, committed 14640K, reserved 1048576K
}
Event: 251.515 GC heap before
{Heap before GC invocations=53 (full 6):
 PSYoungGen      total 935936K, used 909495K [0x000000076ab00000, 0x00000007a8c00000, 0x00000007c0000000)
  eden space 858112K, 100% used [0x000000076ab00000,0x000000079f100000,0x000000079f100000)
  from space 77824K, 66% used [0x00000007a4000000,0x00000007a722deb0,0x00000007a8c00000)
  to   space 79360K, 0% used [0x000000079f100000,0x000000079f100000,0x00000007a3e80000)
 ParOldGen       total 334336K, used 229867K [0x00000006c0000000, 0x00000006d4680000, 0x000000076ab00000)
  object space 334336K, 68% used [0x00000006c0000000,0x00000006ce07ae00,0x00000006d4680000)
 Metaspace       used 105717K, capacity 111040K, committed 111384K, reserved 1146880K
  class space    used 13390K, capacity 14509K, committed 14640K, reserved 1048576K
Event: 251.574 GC heap after
Heap after GC invocations=53 (full 6):
 PSYoungGen      total 937472K, used 55269K [0x000000076ab00000, 0x00000007ad380000, 0x00000007c0000000)
  eden space 858112K, 0% used [0x000000076ab00000,0x000000076ab00000,0x000000079f100000)
  from space 79360K, 69% used [0x000000079f100000,0x00000007a26f9760,0x00000007a3e80000)
  to   space 81408K, 0% used [0x00000007a8400000,0x00000007a8400000,0x00000007ad380000)
 ParOldGen       total 334336K, used 229875K [0x00000006c0000000, 0x00000006d4680000, 0x000000076ab00000)
  object space 334336K, 68% used [0x00000006c0000000,0x00000006ce07ce00,0x00000006d4680000)
 Metaspace       used 105717K, capacity 111040K, committed 111384K, reserved 1146880K
  class space    used 13390K, capacity 14509K, committed 14640K, reserved 1048576K
}

Deoptimization events (10 events):
Event: 243.693 Thread 0x000000002798c800 Uncommon trap: reason=unstable_if action=reinterpret pc=0x0000000007d3afa8 method=com.android.tools.r8.ir.regalloc.a.a(Lcom/android/tools/r8/u/b/W;Lcom/android/tools/r8/s/a/a/b/W;Ljava/util/List;Lcom/android/tools/r8/ir/regalloc/e;Ljava/util/Map;)V @ 610
Event: 245.867 Thread 0x00000000213db000 Uncommon trap: reason=unstable_if action=reinterpret pc=0x000000000799c2e4 method=com.android.tools.r8.ir.optimize.l.m(Lcom/android/tools/r8/u/b/W;)V @ 388
Event: 247.975 Thread 0x0000000027984000 Uncommon trap: reason=unstable_if action=reinterpret pc=0x0000000007f1f9f8 method=com.android.tools.r8.ir.conversion.N.a(ILcom/android/tools/r8/u/b/p1;Lcom/android/tools/r8/u/b/n;Lcom/android/tools/r8/u/b/n$c;Lcom/android/tools/r8/u/b/Q0$a;)Lcom/android/t
Event: 247.997 Thread 0x0000000027984000 Uncommon trap: reason=bimorphic action=maybe_recompile pc=0x0000000006e95dc8 method=com.android.tools.r8.u.a.i.e.a(Lcom/android/tools/r8/u/b/Q0;)V @ 75
Event: 248.578 Thread 0x000000002798c800 Uncommon trap: reason=bimorphic action=maybe_recompile pc=0x0000000007df1658 method=com.android.tools.r8.ir.regalloc.a.b()V @ 315
Event: 250.615 Thread 0x0000000027985800 Uncommon trap: reason=unstable_if action=reinterpret pc=0x00000000073b8540 method=com.android.tools.r8.ir.regalloc.a.e(Lcom/android/tools/r8/ir/regalloc/b;)Z @ 21
Event: 251.030 Thread 0x0000000027989800 Uncommon trap: reason=unstable_if action=reinterpret pc=0x0000000005473db0 method=com.android.tools.r8.graph.r.equals(Ljava/lang/Object;)Z @ 40
Event: 251.453 Thread 0x0000000027984000 Uncommon trap: reason=bimorphic action=maybe_recompile pc=0x0000000006e95dc8 method=com.android.tools.r8.u.a.i.e.a(Lcom/android/tools/r8/u/b/Q0;)V @ 75
Event: 252.251 Thread 0x0000000027989800 Uncommon trap: reason=bimorphic action=maybe_recompile pc=0x0000000006e95dc8 method=com.android.tools.r8.u.a.i.e.a(Lcom/android/tools/r8/u/b/Q0;)V @ 75
Event: 252.683 Thread 0x0000000027983800 Uncommon trap: reason=unstable_if action=reinterpret pc=0x0000000007ff25a8 method=com.android.tools.r8.ir.optimize.l.t(Lcom/android/tools/r8/u/b/W;)V @ 301

Classes redefined (0 events):
No events

Internal exceptions (10 events):
Event: 251.117 Thread 0x000000002798a000 Exception <a 'sun/nio/fs/WindowsException'> (0x0000000792b0b5c0) thrown at [C:\src\AOSP-openjdk-git\hotspot\src\share\vm\prims\jni.cpp, line 710]
Event: 251.429 Thread 0x000000002798a000 Exception <a 'sun/nio/fs/WindowsException'> (0x000000079cb58f70) thrown at [C:\src\AOSP-openjdk-git\hotspot\src\share\vm\prims\jni.cpp, line 710]
Event: 251.739 Thread 0x000000002798a000 Exception <a 'sun/nio/fs/WindowsException'> (0x0000000770648c88) thrown at [C:\src\AOSP-openjdk-git\hotspot\src\share\vm\prims\jni.cpp, line 710]
Event: 251.739 Thread 0x00000000213db000 Exception <a 'sun/nio/fs/WindowsException'> (0x000000076e9c8b28) thrown at [C:\src\AOSP-openjdk-git\hotspot\src\share\vm\prims\jni.cpp, line 710]
Event: 251.922 Thread 0x0000000027983800 Exception <a 'sun/nio/fs/WindowsException'> (0x000000077541b2a8) thrown at [C:\src\AOSP-openjdk-git\hotspot\src\share\vm\prims\jni.cpp, line 710]
Event: 252.361 Thread 0x0000000027984000 Exception <a 'sun/nio/fs/WindowsException'> (0x000000077cd0d528) thrown at [C:\src\AOSP-openjdk-git\hotspot\src\share\vm\prims\jni.cpp, line 710]
Event: 252.440 Thread 0x000000002798a000 Exception <a 'sun/nio/fs/WindowsException'> (0x00000007803deda8) thrown at [C:\src\AOSP-openjdk-git\hotspot\src\share\vm\prims\jni.cpp, line 710]
Event: 252.442 Thread 0x0000000027983800 Exception <a 'sun/nio/fs/WindowsException'> (0x000000077f983a58) thrown at [C:\src\AOSP-openjdk-git\hotspot\src\share\vm\prims\jni.cpp, line 710]
Event: 252.452 Thread 0x00000000213db000 Exception <a 'sun/nio/fs/WindowsException'> (0x00000007801eaa48) thrown at [C:\src\AOSP-openjdk-git\hotspot\src\share\vm\prims\jni.cpp, line 710]
Event: 252.639 Thread 0x0000000027989800 Exception <a 'sun/nio/fs/WindowsException'> (0x000000078649bc00) thrown at [C:\src\AOSP-openjdk-git\hotspot\src\share\vm\prims\jni.cpp, line 710]

Events (10 events):
Event: 252.631 Thread 0x0000000027984000 DEOPT UNPACKING pc=0x00000000031171d0 sp=0x000000002bd8b638 mode 0
Event: 252.638 Thread 0x0000000027983800 DEOPT PACKING pc=0x0000000007c3ef40 sp=0x000000002c18a170
Event: 252.638 Thread 0x0000000027983800 DEOPT UNPACKING pc=0x00000000031171d0 sp=0x000000002c18a1b0 mode 0
Event: 252.680 Thread 0x0000000027983800 DEOPT PACKING pc=0x0000000007c3e8a6 sp=0x000000002c18a170
Event: 252.680 Thread 0x0000000027983800 DEOPT UNPACKING pc=0x00000000031171d0 sp=0x000000002c18a1b0 mode 0
Event: 252.683 Thread 0x0000000027983800 Uncommon trap: trap_request=0xffffff65 fr.pc=0x0000000007ff25a8
Event: 252.683 Thread 0x0000000027983800 DEOPT PACKING pc=0x0000000007ff25a8 sp=0x000000002c18a7f0
Event: 252.683 Thread 0x0000000027983800 DEOPT UNPACKING pc=0x000000000311557b sp=0x000000002c18a810 mode 2
Event: 252.710 Thread 0x0000000027985800 DEOPT PACKING pc=0x0000000007c3ef29 sp=0x000000002bf89e60
Event: 252.710 Thread 0x0000000027985800 DEOPT UNPACKING pc=0x00000000031171d0 sp=0x000000002bf89e98 mode 0


Dynamic libraries:
0x00007ff650820000 - 0x00007ff650851000 	D:\STUDIO\androidStu\jre\bin\java.exe
0x00007fff96730000 - 0x00007fff96924000 	C:\Windows\SYSTEM32\ntdll.dll
0x00007fff95c90000 - 0x00007fff95d4d000 	C:\Windows\System32\KERNEL32.DLL
0x00007fff944a0000 - 0x00007fff94767000 	C:\Windows\System32\KERNELBASE.dll
0x00007fff95d50000 - 0x00007fff95dfa000 	C:\Windows\System32\ADVAPI32.dll
0x00007fff94d70000 - 0x00007fff94e0e000 	C:\Windows\System32\msvcrt.dll
0x00007fff96110000 - 0x00007fff961ab000 	C:\Windows\System32\sechost.dll
0x00007fff956c0000 - 0x00007fff957e3000 	C:\Windows\System32\RPCRT4.dll
0x00007fff95e60000 - 0x00007fff96000000 	C:\Windows\System32\USER32.dll
0x00007fff94770000 - 0x00007fff94792000 	C:\Windows\System32\win32u.dll
0x00007fff96640000 - 0x00007fff9666a000 	C:\Windows\System32\GDI32.dll
0x00007fff93e80000 - 0x00007fff93f89000 	C:\Windows\System32\gdi32full.dll
0x00007fff94350000 - 0x00007fff943ed000 	C:\Windows\System32\msvcp_win.dll
0x00007fff94180000 - 0x00007fff94280000 	C:\Windows\System32\ucrtbase.dll
0x00007fff83440000 - 0x00007fff836da000 	C:\Windows\WinSxS\amd64_microsoft.windows.common-controls_6595b64144ccf1df_6.0.19041.1_none_b555e41d4684ddec\COMCTL32.dll
0x00007fff96550000 - 0x00007fff96580000 	C:\Windows\System32\IMM32.DLL
0x00000000549a0000 - 0x0000000054a72000 	D:\STUDIO\androidStu\jre\jre\bin\msvcr100.dll
0x0000000055920000 - 0x000000005616b000 	D:\STUDIO\androidStu\jre\jre\bin\server\jvm.dll
0x00007fff95550000 - 0x00007fff95558000 	C:\Windows\System32\PSAPI.DLL
0x00007fff88e20000 - 0x00007fff88e47000 	C:\Windows\SYSTEM32\WINMM.dll
0x00007fff8d530000 - 0x00007fff8d539000 	C:\Windows\SYSTEM32\WSOCK32.dll
0x00007fff88e50000 - 0x00007fff88e5a000 	C:\Windows\SYSTEM32\VERSION.dll
0x00007fff96400000 - 0x00007fff9646b000 	C:\Windows\System32\WS2_32.dll
0x00007fff86620000 - 0x00007fff8662f000 	D:\STUDIO\androidStu\jre\jre\bin\verify.dll
0x00007fff7a5f0000 - 0x00007fff7a619000 	D:\STUDIO\androidStu\jre\jre\bin\java.dll
0x00007fff80850000 - 0x00007fff80866000 	D:\STUDIO\androidStu\jre\jre\bin\zip.dll
0x00007fff94e10000 - 0x00007fff95541000 	C:\Windows\System32\SHELL32.dll
0x00007fff91ff0000 - 0x00007fff9277a000 	C:\Windows\SYSTEM32\windows.storage.dll
0x00007fff949b0000 - 0x00007fff94d04000 	C:\Windows\System32\combase.dll
0x00007fff93830000 - 0x00007fff9385b000 	C:\Windows\SYSTEM32\Wldp.dll
0x00007fff96000000 - 0x00007fff960ae000 	C:\Windows\System32\SHCORE.dll
0x00007fff95e00000 - 0x00007fff95e55000 	C:\Windows\System32\shlwapi.dll
0x00007fff93dc0000 - 0x00007fff93ddf000 	C:\Windows\SYSTEM32\profapi.dll
0x00007fff8ebf0000 - 0x00007fff8ec0a000 	D:\STUDIO\androidStu\jre\jre\bin\net.dll
0x00007fff935b0000 - 0x00007fff9361a000 	C:\Windows\system32\mswsock.dll
0x00007fff7b1a0000 - 0x00007fff7b1b3000 	D:\STUDIO\androidStu\jre\jre\bin\nio.dll
0x00007fff8ebc0000 - 0x00007fff8ebe6000 	C:\Users\Vishal\.gradle\native\31\windows-amd64\native-platform.dll
0x00007fff85f40000 - 0x00007fff85f4d000 	D:\STUDIO\androidStu\jre\jre\bin\management.dll
0x00007fff93790000 - 0x00007fff937a8000 	C:\Windows\SYSTEM32\CRYPTSP.dll
0x00007fff92f40000 - 0x00007fff92f74000 	C:\Windows\system32\rsaenh.dll
0x00007fff940f0000 - 0x00007fff94117000 	C:\Windows\System32\bcrypt.dll
0x00007fff93d40000 - 0x00007fff93d6e000 	C:\Windows\SYSTEM32\USERENV.dll
0x00007fff942d0000 - 0x00007fff9434f000 	C:\Windows\System32\bcryptprimitives.dll
0x00007fff93780000 - 0x00007fff9378c000 	C:\Windows\SYSTEM32\CRYPTBASE.dll
0x00007fff932a0000 - 0x00007fff932db000 	C:\Windows\SYSTEM32\IPHLPAPI.DLL
0x00007fff96580000 - 0x00007fff96589000 	C:\Windows\System32\NSI.dll
0x00007fff8a6d0000 - 0x00007fff8a6e7000 	C:\Windows\SYSTEM32\dhcpcsvc6.DLL
0x00007fff8b290000 - 0x00007fff8b2ad000 	C:\Windows\SYSTEM32\dhcpcsvc.DLL
0x00007fff932e0000 - 0x00007fff933aa000 	C:\Windows\SYSTEM32\DNSAPI.dll
0x00007fff92bf0000 - 0x00007fff92c23000 	C:\Windows\SYSTEM32\ntmarta.dll
0x00007fff69600000 - 0x00007fff6979c000 	D:\STUDIO\androidStu\jre\jre\bin\awt.dll
0x00007fff955f0000 - 0x00007fff956bd000 	C:\Windows\System32\OLEAUT32.dll
0x00007fff91850000 - 0x00007fff9187e000 	C:\Windows\SYSTEM32\dwmapi.dll
0x00007fff90130000 - 0x00007fff906f0000 	C:\Windows\SYSTEM32\d2d1.dll
0x00007fff91310000 - 0x00007fff913a0000 	C:\Windows\SYSTEM32\apphelp.dll
0x00007fff914a0000 - 0x00007fff9153f000 	C:\Windows\system32\uxtheme.dll

VM Arguments:
jvm_args: -Xmx4096m -Dfile.encoding=windows-1252 -Duser.country=US -Duser.language=en -Duser.variant 
java_command: org.gradle.launcher.daemon.bootstrap.GradleDaemon 6.1.1
java_class_path (initial): C:\Users\Vishal\.gradle\wrapper\dists\gradle-6.1.1-all\cfmwm155h49vnt3hynmlrsdst\gradle-6.1.1\lib\gradle-launcher-6.1.1.jar
Launcher Type: SUN_STANDARD

Environment Variables:
PATH=C:\Windows\system32;C:\Windows;C:\Windows\System32\Wbem;C:\Windows\System32\WindowsPowerShell\v1.0\;C:\Windows\System32\OpenSSH\;C:\Users\Vishal\AppData\Local\Microsoft\WindowsApps;
USERNAME=Vishal K Asware
OS=Windows_NT
PROCESSOR_IDENTIFIER=AMD64 Family 23 Model 24 Stepping 1, AuthenticAMD



---------------  S Y S T E M  ---------------

OS: Windows 10.0 , 64 bit Build 19041 (10.0.19041.207)

CPU:total 8 (initial active 8) (8 cores per cpu, 1 threads per core) family 23 model 24 stepping 1, cmov, cx8, fxsr, mmx, sse, sse2, sse3, ssse3, sse4.1, sse4.2, popcnt, avx, avx2, aes, clmul, mmxext, 3dnowpref, lzcnt, sse4a, tsc, tscinvbit, tscinv, bmi1

Memory: 4k page, physical 3616372k(252460k free), swap 10101148k(3260k free)

vm_info: OpenJDK 64-Bit Server VM (25.242-b01) for windows-amd64 JRE (1.8.0_242-release-1644-b01), built by "builder" with MS VC++ 10.0 (VS2010)

time: Sat Jul 11 15:16:49 2020
timezone: Pacific Daylight Time
elapsed time: 252 seconds (0d 0h 4m 12s)

