#
# There is insufficient memory for the Java Runtime Environment to continue.
# Native memory allocation (malloc) failed to allocate 1237728 bytes for Chunk::new
# Possible reasons:
#   The system is out of physical RAM or swap space
#   The process is running with CompressedOops enabled, and the Java Heap may be blocking the growth of the native heap
# Possible solutions:
#   Reduce memory load on the system
#   Increase physical memory or swap space
#   Check if swap backing store is full
#   Decrease Java heap size (-Xmx/-Xms)
#   Decrease number of Java threads
#   Decrease Java thread stack sizes (-Xss)
#   Set larger code cache with -XX:ReservedCodeCacheSize=
#   JVM is running with Zero Based Compressed Oops mode in which the Java heap is
#     placed in the first 32GB address space. The Java Heap base address is the
#     maximum limit for the native heap growth. Please use -XX:HeapBaseMinAddress
#     to set the Java Heap base and to place the Java Heap above 32GB virtual address.
# This output file may be truncated or incomplete.
#
#  Out of Memory Error (allocation.cpp:389), pid=1108, tid=0x00000000000045c0
#
# JRE version: OpenJDK Runtime Environment (8.0_242-b01) (build 1.8.0_242-release-1644-b01)
# Java VM: OpenJDK 64-Bit Server VM (25.242-b01 mixed mode windows-amd64 compressed oops)
# Failed to write core dump. Minidumps are not enabled by default on client versions of Windows
#

---------------  T H R E A D  ---------------

Current thread (0x000000001eaa8000):  JavaThread "C2 CompilerThread2" daemon [_thread_in_native, id=17856, stack(0x000000001f570000,0x000000001f670000)]

Stack: [0x000000001f570000,0x000000001f670000]
[error occurred during error reporting (printing stack bounds), id 0xc0000005]

Native frames: (J=compiled Java code, j=interpreted, Vv=VM code, C=native code)


Current CompileTask:
C2: 395861 33067       4       org.jetbrains.org.objectweb.asm.ClassReader::readCode (5089 bytes)


---------------  P R O C E S S  ---------------

Java Threads: ( => current thread )
  0x00000000331de000 JavaThread "WorkerExecutor Queue Thread 23" [_thread_blocked, id=9392, stack(0x000000002dd40000,0x000000002de40000)]
  0x00000000331e5000 JavaThread "WorkerExecutor Queue Thread 19" [_thread_blocked, id=14668, stack(0x000000003f0d0000,0x000000003f1d0000)]
  0x0000000025390800 JavaThread "WorkerExecutor Queue Thread 18" [_thread_blocked, id=9600, stack(0x0000000022bd0000,0x0000000022cd0000)]
  0x0000000025396000 JavaThread "WorkerExecutor Queue Thread 17" [_thread_blocked, id=13876, stack(0x0000000001520000,0x0000000001620000)]
  0x0000000023aab000 JavaThread "WorkerExecutor Queue Thread 15" [_thread_blocked, id=9176, stack(0x000000002de40000,0x000000002df40000)]
  0x0000000023aa9000 JavaThread "WorkerExecutor Queue Thread 12" [_thread_blocked, id=14864, stack(0x0000000025b70000,0x0000000025c70000)]
  0x00000000243a4800 JavaThread "Cache worker for Java compile cache (D:\vishal\skimpe_browser_files\SKYINBROWSER\.gradle\6.1.1\javaCompile)" [_thread_blocked, id=15224, stack(0x0000000031140000,0x0000000031240000)]
  0x000000002504d800 JavaThread "Cache worker for Java compile cache (C:\Users\Vishal Asware\.gradle\caches\6.1.1\javaCompile)" [_thread_blocked, id=11824, stack(0x0000000030940000,0x0000000030a40000)]
  0x0000000025059000 JavaThread "MarlinRenderer Disposer" daemon [_thread_blocked, id=12584, stack(0x000000002e440000,0x000000002e540000)]
  0x000000002504d000 JavaThread "Java2D Disposer" daemon [_thread_blocked, id=6708, stack(0x000000002e340000,0x000000002e440000)]
  0x000000002504a800 JavaThread "WorkerExecutor Queue Thread 5" [_thread_blocked, id=18036, stack(0x000000002df40000,0x000000002e040000)]
  0x0000000025393800 JavaThread "Cache worker for execution history cache (D:\vishal\skimpe_browser_files\SKYINBROWSER\.gradle\6.1.1\executionHistory)" [_thread_blocked, id=3188, stack(0x000000002d640000,0x000000002d740000)]
  0x0000000025393000 JavaThread "Execution worker for ':' Thread 7" [_thread_blocked, id=18296, stack(0x000000002d540000,0x000000002d640000)]
  0x0000000025389000 JavaThread "Execution worker for ':' Thread 6" [_thread_blocked, id=4560, stack(0x000000002d440000,0x000000002d540000)]
  0x000000002538b800 JavaThread "Execution worker for ':' Thread 5" [_thread_in_native, id=5108, stack(0x000000002d340000,0x000000002d440000)]
  0x000000002538c000 JavaThread "Execution worker for ':' Thread 4" [_thread_blocked, id=7220, stack(0x000000002d240000,0x000000002d340000)]
  0x000000002538a000 JavaThread "Execution worker for ':' Thread 3" [_thread_blocked, id=18128, stack(0x000000002d140000,0x000000002d240000)]
  0x0000000025390000 JavaThread "Execution worker for ':' Thread 2" [_thread_blocked, id=1144, stack(0x000000002d040000,0x000000002d140000)]
  0x000000002538f000 JavaThread "Execution worker for ':'" [_thread_blocked, id=17676, stack(0x000000002cf40000,0x000000002d040000)]
  0x0000000025388800 JavaThread "Cache worker for file content cache (D:\vishal\skimpe_browser_files\SKYINBROWSER\.gradle\6.1.1\fileContent)" [_thread_blocked, id=18152, stack(0x000000002c510000,0x000000002c610000)]
  0x00000000218be800 JavaThread "Cache worker for file content cache (C:\Users\Vishal Asware\.gradle\caches\6.1.1\fileContent)" [_thread_blocked, id=2472, stack(0x000000002c410000,0x000000002c510000)]
  0x00000000218bc800 JavaThread "Memory manager" [_thread_blocked, id=13860, stack(0x000000002b140000,0x000000002b240000)]
  0x00000000218bb800 JavaThread "Cache worker for Build Output Cleanup Cache (D:\vishal\skimpe_browser_files\SKYINBROWSER\.gradle\buildOutputCleanup)" [_thread_blocked, id=13472, stack(0x000000002b040000,0x000000002b140000)]
  0x00000000218bb000 JavaThread "Build operations Thread 8" [_thread_blocked, id=17280, stack(0x000000002af40000,0x000000002b040000)]
  0x00000000218ba000 JavaThread "Build operations Thread 7" [_thread_blocked, id=9276, stack(0x000000002ad40000,0x000000002ae40000)]
  0x0000000024533000 JavaThread "Build operations Thread 6" [_thread_blocked, id=12412, stack(0x000000002ac40000,0x000000002ad40000)]
  0x0000000024531000 JavaThread "Build operations Thread 5" [_thread_blocked, id=2836, stack(0x0000000029550000,0x0000000029650000)]
  0x0000000024537800 JavaThread "Build operations Thread 4" [_thread_blocked, id=15748, stack(0x0000000028e50000,0x0000000028f50000)]
  0x0000000024532800 JavaThread "Build operations Thread 3" [_thread_blocked, id=11156, stack(0x0000000028750000,0x0000000028850000)]
  0x0000000024531800 JavaThread "Build operations Thread 2" [_thread_blocked, id=5480, stack(0x0000000028650000,0x0000000028750000)]
  0x0000000024530000 JavaThread "Build operations" [_thread_blocked, id=5788, stack(0x0000000028550000,0x0000000028650000)]
  0x0000000024537000 JavaThread "Cache worker for cache directory md-rule (C:\Users\Vishal Asware\.gradle\caches\6.1.1\md-rule)" [_thread_blocked, id=17152, stack(0x0000000027c00000,0x0000000027d00000)]
  0x0000000024535800 JavaThread "Cache worker for cache directory md-supplier (C:\Users\Vishal Asware\.gradle\caches\6.1.1\md-supplier)" [_thread_blocked, id=17892, stack(0x0000000026af0000,0x0000000026bf0000)]
  0x0000000024528800 JavaThread "Cache worker for file hash cache (D:\vishal\skimpe_browser_files\SKYINBROWSER\.gradle\6.1.1\fileHashes)" [_thread_blocked, id=8952, stack(0x00000000267d0000,0x00000000268d0000)]
  0x000000002452f800 JavaThread "Cache worker for checksums cache (D:\vishal\skimpe_browser_files\SKYINBROWSER\.gradle\checksums)" [_thread_blocked, id=3156, stack(0x00000000261d0000,0x00000000262d0000)]
  0x000000002452e800 JavaThread "Thread-38" [_thread_blocked, id=12768, stack(0x0000000025c70000,0x0000000025d70000)]
  0x000000002452d000 JavaThread "Asynchronous log dispatcher for DefaultDaemonConnection: socket connection from /127.0.0.1:53372 to /127.0.0.1:53378" [_thread_blocked, id=17700, stack(0x0000000025a70000,0x0000000025b70000)]
  0x000000002452c800 JavaThread "Cancel handler" [_thread_blocked, id=13596, stack(0x00000000232d0000,0x00000000233d0000)]
  0x000000002452a800 JavaThread "Handler for socket connection from /127.0.0.1:53372 to /127.0.0.1:53378" [_thread_in_native, id=16012, stack(0x0000000022ed0000,0x0000000022fd0000)]
  0x00000000218be000 JavaThread "Cache worker for execution history cache (C:\Users\Vishal Asware\.gradle\caches\6.1.1\executionHistory)" [_thread_blocked, id=12404, stack(0x00000000262d0000,0x00000000263d0000)]
  0x00000000218b9800 JavaThread "Cache worker for file hash cache (C:\Users\Vishal Asware\.gradle\caches\6.1.1\fileHashes)" [_thread_blocked, id=8760, stack(0x00000000237d0000,0x00000000238d0000)]
  0x00000000218bd000 JavaThread "File lock request listener" [_thread_in_native, id=4976, stack(0x00000000236d0000,0x00000000237d0000)]
  0x00000000219b1800 JavaThread "Cache worker for journal cache (C:\Users\Vishal Asware\.gradle\caches\journal-1)" [_thread_blocked, id=12820, stack(0x00000000235d0000,0x00000000236d0000)]
  0x0000000020c99000 JavaThread "Daemon worker" [_thread_blocked, id=11928, stack(0x0000000022fd0000,0x00000000230d0000)]
  0x0000000021755800 JavaThread "Daemon" [_thread_blocked, id=17888, stack(0x0000000022ad0000,0x0000000022bd0000)]
  0x0000000020fcc000 JavaThread "Daemon periodic checks" [_thread_blocked, id=17432, stack(0x00000000229d0000,0x0000000022ad0000)]
  0x0000000020791000 JavaThread "Incoming local TCP Connector on port 53372" [_thread_in_native, id=6988, stack(0x0000000022790000,0x0000000022890000)]
  0x00000000212a9800 JavaThread "Daemon health stats" [_thread_blocked, id=14848, stack(0x0000000022150000,0x0000000022250000)]
  0x000000001eb39800 JavaThread "Service Thread" daemon [_thread_blocked, id=18228, stack(0x000000001f770000,0x000000001f870000)]
  0x000000001eab8000 JavaThread "C1 CompilerThread3" daemon [_thread_blocked, id=18348, stack(0x000000001f670000,0x000000001f770000)]
=>0x000000001eaa8000 JavaThread "C2 CompilerThread2" daemon [_thread_in_native, id=17856, stack(0x000000001f570000,0x000000001f670000)]
  0x000000001eaa7000 JavaThread "C2 CompilerThread1" daemon [_thread_in_native, id=5872, stack(0x000000001f470000,0x000000001f570000)]
  0x000000001eaa6000 JavaThread "C2 CompilerThread0" daemon [_thread_in_vm, id=15608, stack(0x000000001f370000,0x000000001f470000)]
  0x000000001eaa4800 JavaThread "Attach Listener" daemon [_thread_blocked, id=18012, stack(0x000000001f270000,0x000000001f370000)]
  0x000000001eaa3800 JavaThread "Signal Dispatcher" daemon [_thread_blocked, id=8036, stack(0x000000001f170000,0x000000001f270000)]
  0x00000000030be800 JavaThread "Finalizer" daemon [_thread_blocked, id=9008, stack(0x000000001ef70000,0x000000001f070000)]
  0x00000000030b7800 JavaThread "Reference Handler" daemon [_thread_blocked, id=18408, stack(0x000000001ee70000,0x000000001ef70000)]
  0x00000000016fe000 JavaThread "main" [_thread_blocked, id=3448, stack(0x0000000001700000,0x0000000001800000)]

Other Threads:
  0x000000001cc88000 VMThread [stack: 0x000000001e970000,0x000000001ea70000] [id=9920]
  0x000000001eb3a800 WatcherThread [stack: 0x000000001f870000,0x000000001f970000] [id=15668]

VM state:not at safepoint (normal execution)

VM Mutex/Monitor currently owned by a thread: None

OutOfMemory and StackOverflow Exception counts:
OutOfMemoryError java_heap_errors=1

heap address: 0x00000006c0000000, size: 4096 MB, Compressed Oops mode: Zero based, Oop shift amount: 3
Narrow klass base: 0x0000000000000000, Narrow klass shift: 3
Compressed class space size: 1073741824 Address: 0x00000007c0000000

Heap:
 PSYoungGen      total 1057280K, used 789880K [0x000000076ab00000, 0x00000007c0000000, 0x00000007c0000000)
  eden space 1056768K, 74% used [0x000000076ab00000,0x000000079ae2e118,0x00000007ab300000)
  from space 512K, 37% used [0x00000007ab300000,0x00000007ab330000,0x00000007ab380000)
  to   space 172544K, 0% used [0x00000007b5780000,0x00000007b5780000,0x00000007c0000000)
 ParOldGen       total 522752K, used 353911K [0x00000006c0000000, 0x00000006dfe80000, 0x000000076ab00000)
  object space 522752K, 67% used [0x00000006c0000000,0x00000006d599df30,0x00000006dfe80000)
 Metaspace       used 134697K, capacity 141019K, committed 141272K, reserved 1171456K
  class space    used 17065K, capacity 18422K, committed 18432K, reserved 1048576K

Card table byte_map: [0x0000000012530000,0x0000000012d40000] byte_map_base: 0x000000000ef30000

Marking Bits: (ParMarkBitMap*) 0x000000007752f030
 Begin Bits: [0x0000000013aa0000, 0x0000000017aa0000)
 End Bits:   [0x0000000017aa0000, 0x000000001baa0000)

Polling page: 0x00000000016e0000

CodeCache: size=245760Kb used=88115Kb max_used=88115Kb free=157644Kb
 bounds [0x0000000003170000, 0x00000000087f0000, 0x0000000012170000]
 total_blobs=24428 nmethods=23343 adapters=995
 compilation: enabled

Compilation events (10 events):
Event: 395.849 Thread 0x000000001eaa6000 33341       4       com.intellij.lang.impl.PsiBuilderImpl$StartMarker::setCustomEdgeTokenBinders (41 bytes)
Event: 395.849 Thread 0x000000001eab8000 33353       3       com.intellij.psi.impl.source.tree.java.PsiReferenceParameterListImpl::getTypeParameterElements (22 bytes)
Event: 395.849 Thread 0x000000001eab8000 nmethod 33353 0x00000000087caad0 code [0x00000000087cac60, 0x00000000087caff8]
Event: 395.849 Thread 0x000000001eab8000 33354       3       com.intellij.psi.PsiTypeElement$$Lambda$1562/1165863891::create (8 bytes)
Event: 395.849 Thread 0x000000001eaa7000 nmethod 33357 0x0000000008428450 code [0x0000000008428580, 0x00000000084285d8]
Event: 395.849 Thread 0x000000001eaa7000 33359 %     4       com.intellij.openapi.util.text.StringUtil::assertValidSeparators @ 31 (200 bytes)
Event: 395.849 Thread 0x000000001eab8000 nmethod 33354 0x00000000087d1cd0 code [0x00000000087d1e40, 0x00000000087d21b0]
Event: 395.850 Thread 0x000000001eab8000 33355       3       com.intellij.psi.PsiTypeElement::lambda$static$0 (15 bytes)
Event: 395.850 Thread 0x000000001eab8000 nmethod 33355 0x00000000087d18d0 code [0x00000000087d1a20, 0x00000000087d1c30]
Event: 395.850 Thread 0x000000001eab8000 33358       3       com.intellij.psi.impl.source.PsiJavaCodeReferenceElementImpl::resolve (828 bytes)

GC Heap History (10 events):
Event: 286.485 GC heap before
{Heap before GC invocations=51 (full 8):
 PSYoungGen      total 1274880K, used 1208250K [0x000000076ab00000, 0x00000007bf700000, 0x00000007c0000000)
  eden space 1169408K, 100% used [0x000000076ab00000,0x00000007b2100000,0x00000007b2100000)
  from space 105472K, 36% used [0x00000007b9000000,0x00000007bb5eeb58,0x00000007bf700000)
  to   space 109568K, 0% used [0x00000007b2100000,0x00000007b2100000,0x00000007b8c00000)
 ParOldGen       total 330240K, used 250004K [0x00000006c0000000, 0x00000006d4280000, 0x000000076ab00000)
  object space 330240K, 75% used [0x00000006c0000000,0x00000006cf425138,0x00000006d4280000)
 Metaspace       used 104885K, capacity 110345K, committed 110424K, reserved 1144832K
  class space    used 13230K, capacity 14392K, committed 14464K, reserved 1048576K
Event: 286.980 GC heap after
Heap after GC invocations=51 (full 8):
 PSYoungGen      total 1278976K, used 41187K [0x000000076ab00000, 0x00000007bfe00000, 0x00000007c0000000)
  eden space 1169408K, 0% used [0x000000076ab00000,0x000000076ab00000,0x00000007b2100000)
  from space 109568K, 37% used [0x00000007b2100000,0x00000007b4938dc0,0x00000007b8c00000)
  to   space 106496K, 0% used [0x00000007b9600000,0x00000007b9600000,0x00000007bfe00000)
 ParOldGen       total 330240K, used 250012K [0x00000006c0000000, 0x00000006d4280000, 0x000000076ab00000)
  object space 330240K, 75% used [0x00000006c0000000,0x00000006cf427138,0x00000006d4280000)
 Metaspace       used 104885K, capacity 110345K, committed 110424K, reserved 1144832K
  class space    used 13230K, capacity 14392K, committed 14464K, reserved 1048576K
}
Event: 291.378 GC heap before
{Heap before GC invocations=52 (full 8):
 PSYoungGen      total 1278976K, used 1210595K [0x000000076ab00000, 0x00000007bfe00000, 0x00000007c0000000)
  eden space 1169408K, 100% used [0x000000076ab00000,0x00000007b2100000,0x00000007b2100000)
  from space 109568K, 37% used [0x00000007b2100000,0x00000007b4938dc0,0x00000007b8c00000)
  to   space 106496K, 0% used [0x00000007b9600000,0x00000007b9600000,0x00000007bfe00000)
 ParOldGen       total 330240K, used 250012K [0x00000006c0000000, 0x00000006d4280000, 0x000000076ab00000)
  object space 330240K, 75% used [0x00000006c0000000,0x00000006cf427138,0x00000006d4280000)
 Metaspace       used 105247K, capacity 110789K, committed 110936K, reserved 1146880K
  class space    used 13259K, capacity 14416K, committed 14464K, reserved 1048576K
Event: 292.231 GC heap after
Heap after GC invocations=52 (full 8):
 PSYoungGen      total 1163264K, used 106474K [0x000000076ab00000, 0x00000007c0000000, 0x00000007c0000000)
  eden space 1056768K, 0% used [0x000000076ab00000,0x000000076ab00000,0x00000007ab300000)
  from space 106496K, 99% used [0x00000007b9600000,0x00000007bfdfa9a0,0x00000007bfe00000)
  to   space 170496K, 0% used [0x00000007ab300000,0x00000007ab300000,0x00000007b5980000)
 ParOldGen       total 384000K, used 383802K [0x00000006c0000000, 0x00000006d7700000, 0x000000076ab00000)
  object space 384000K, 99% used [0x00000006c0000000,0x00000006d76cea68,0x00000006d7700000)
 Metaspace       used 105247K, capacity 110789K, committed 110936K, reserved 1146880K
  class space    used 13259K, capacity 14416K, committed 14464K, reserved 1048576K
}
Event: 292.232 GC heap before
{Heap before GC invocations=53 (full 9):
 PSYoungGen      total 1163264K, used 106474K [0x000000076ab00000, 0x00000007c0000000, 0x00000007c0000000)
  eden space 1056768K, 0% used [0x000000076ab00000,0x000000076ab00000,0x00000007ab300000)
  from space 106496K, 99% used [0x00000007b9600000,0x00000007bfdfa9a0,0x00000007bfe00000)
  to   space 170496K, 0% used [0x00000007ab300000,0x00000007ab300000,0x00000007b5980000)
 ParOldGen       total 384000K, used 383802K [0x00000006c0000000, 0x00000006d7700000, 0x000000076ab00000)
  object space 384000K, 99% used [0x00000006c0000000,0x00000006d76cea68,0x00000006d7700000)
 Metaspace       used 105247K, capacity 110789K, committed 110936K, reserved 1146880K
  class space    used 13259K, capacity 14416K, committed 14464K, reserved 1048576K
Event: 296.594 GC heap after
Heap after GC invocations=53 (full 9):
 PSYoungGen      total 1163264K, used 0K [0x000000076ab00000, 0x00000007c0000000, 0x00000007c0000000)
  eden space 1056768K, 0% used [0x000000076ab00000,0x000000076ab00000,0x00000007ab300000)
  from space 106496K, 0% used [0x00000007b9600000,0x00000007b9600000,0x00000007bfe00000)
  to   space 170496K, 0% used [0x00000007ab300000,0x00000007ab300000,0x00000007b5980000)
 ParOldGen       total 384000K, used 366972K [0x00000006c0000000, 0x00000006d7700000, 0x000000076ab00000)
  object space 384000K, 95% used [0x00000006c0000000,0x00000006d665f250,0x00000006d7700000)
 Metaspace       used 105218K, capacity 110713K, committed 110936K, reserved 1146880K
  class space    used 13250K, capacity 14400K, committed 14464K, reserved 1048576K
}
Event: 309.486 GC heap before
{Heap before GC invocations=54 (full 10):
 PSYoungGen      total 1163264K, used 1056768K [0x000000076ab00000, 0x00000007c0000000, 0x00000007c0000000)
  eden space 1056768K, 100% used [0x000000076ab00000,0x00000007ab300000,0x00000007ab300000)
  from space 106496K, 0% used [0x00000007b9600000,0x00000007b9600000,0x00000007bfe00000)
  to   space 170496K, 0% used [0x00000007ab300000,0x00000007ab300000,0x00000007b5980000)
 ParOldGen       total 384000K, used 366972K [0x00000006c0000000, 0x00000006d7700000, 0x000000076ab00000)
  object space 384000K, 95% used [0x00000006c0000000,0x00000006d665f250,0x00000006d7700000)
 Metaspace       used 106170K, capacity 111973K, committed 112088K, reserved 1146880K
  class space    used 13367K, capacity 14574K, committed 14592K, reserved 1048576K
Event: 314.103 GC heap after
Heap after GC invocations=54 (full 10):
 PSYoungGen      total 1163264K, used 0K [0x000000076ab00000, 0x00000007c0000000, 0x00000007c0000000)
  eden space 1056768K, 0% used [0x000000076ab00000,0x000000076ab00000,0x00000007ab300000)
  from space 106496K, 0% used [0x00000007b9600000,0x00000007b9600000,0x00000007bfe00000)
  to   space 170496K, 0% used [0x00000007ab300000,0x00000007ab300000,0x00000007b5980000)
 ParOldGen       total 522752K, used 353911K [0x00000006c0000000, 0x00000006dfe80000, 0x000000076ab00000)
  object space 522752K, 67% used [0x00000006c0000000,0x00000006d599df30,0x00000006dfe80000)
 Metaspace       used 106149K, capacity 111913K, committed 112088K, reserved 1146880K
  class space    used 13360K, capacity 14562K, committed 14592K, reserved 1048576K
}
Event: 319.463 GC heap before
{Heap before GC invocations=55 (full 10):
 PSYoungGen      total 1163264K, used 1056768K [0x000000076ab00000, 0x00000007c0000000, 0x00000007c0000000)
  eden space 1056768K, 100% used [0x000000076ab00000,0x00000007ab300000,0x00000007ab300000)
  from space 106496K, 0% used [0x00000007b9600000,0x00000007b9600000,0x00000007bfe00000)
  to   space 170496K, 0% used [0x00000007ab300000,0x00000007ab300000,0x00000007b5980000)
 ParOldGen       total 522752K, used 353911K [0x00000006c0000000, 0x00000006dfe80000, 0x000000076ab00000)
  object space 522752K, 67% used [0x00000006c0000000,0x00000006d599df30,0x00000006dfe80000)
 Metaspace       used 106149K, capacity 111913K, committed 112088K, reserved 1146880K
  class space    used 13360K, capacity 14562K, committed 14592K, reserved 1048576K
Event: 319.491 GC heap after
Heap after GC invocations=55 (full 10):
 PSYoungGen      total 1057280K, used 192K [0x000000076ab00000, 0x00000007c0000000, 0x00000007c0000000)
  eden space 1056768K, 0% used [0x000000076ab00000,0x000000076ab00000,0x00000007ab300000)
  from space 512K, 37% used [0x00000007ab300000,0x00000007ab330000,0x00000007ab380000)
  to   space 172544K, 0% used [0x00000007b5780000,0x00000007b5780000,0x00000007c0000000)
 ParOldGen       total 522752K, used 353911K [0x00000006c0000000, 0x00000006dfe80000, 0x000000076ab00000)
  object space 522752K, 67% used [0x00000006c0000000,0x00000006d599df30,0x00000006dfe80000)
 Metaspace       used 106149K, capacity 111913K, committed 112088K, reserved 1146880K
  class space    used 13360K, capacity 14562K, committed 14592K, reserved 1048576K
}

Deoptimization events (10 events):
Event: 395.656 Thread 0x000000002538b800 Uncommon trap: reason=class_check action=maybe_recompile pc=0x00000000084fb29c method=com.intellij.lang.java.lexer.JavaLexer.charAt(I)C @ 21
Event: 395.657 Thread 0x000000002538b800 Uncommon trap: reason=predicate action=maybe_recompile pc=0x00000000086d3500 method=com.intellij.openapi.util.text.StringUtil.stringHashCode(Ljava/lang/CharSequence;III)I @ 21
Event: 395.657 Thread 0x000000002538b800 Uncommon trap: reason=class_check action=maybe_recompile pc=0x00000000086a3a28 method=com.intellij.psi.impl.source.CharTableImpl$StringHashToCharSequencesMap.charSequenceSubSequenceEquals(Ljava/lang/CharSequence;Ljava/lang/CharSequence;II)Z @ 72
Event: 395.657 Thread 0x000000002538b800 Uncommon trap: reason=class_check action=maybe_recompile pc=0x00000000086a3a28 method=com.intellij.psi.impl.source.CharTableImpl$StringHashToCharSequencesMap.charSequenceSubSequenceEquals(Ljava/lang/CharSequence;Ljava/lang/CharSequence;II)Z @ 72
Event: 395.657 Thread 0x000000002538b800 Uncommon trap: reason=class_check action=maybe_recompile pc=0x00000000086a3a28 method=com.intellij.psi.impl.source.CharTableImpl$StringHashToCharSequencesMap.charSequenceSubSequenceEquals(Ljava/lang/CharSequence;Ljava/lang/CharSequence;II)Z @ 72
Event: 395.657 Thread 0x000000002538b800 Uncommon trap: reason=class_check action=maybe_recompile pc=0x00000000086a3a28 method=com.intellij.psi.impl.source.CharTableImpl$StringHashToCharSequencesMap.charSequenceSubSequenceEquals(Ljava/lang/CharSequence;Ljava/lang/CharSequence;II)Z @ 72
Event: 395.657 Thread 0x000000002538b800 Uncommon trap: reason=class_check action=maybe_recompile pc=0x0000000008686818 method=com.intellij.psi.impl.source.tree.TreeElement.rawRemoveUpToWithoutNotifications(Lcom/intellij/psi/impl/source/tree/TreeElement;Z)V @ 148
Event: 395.657 Thread 0x000000002538b800 Uncommon trap: reason=class_check action=maybe_recompile pc=0x0000000008635db8 method=com.intellij.psi.impl.source.tree.SharedImplUtil.findFileElement(Lcom/intellij/lang/ASTNode;)Lcom/intellij/lang/FileASTNode; @ 59
Event: 395.669 Thread 0x000000002538b800 Uncommon trap: reason=class_check action=maybe_recompile pc=0x0000000008635db8 method=com.intellij.psi.impl.source.tree.SharedImplUtil.findFileElement(Lcom/intellij/lang/ASTNode;)Lcom/intellij/lang/FileASTNode; @ 59
Event: 395.669 Thread 0x000000002538b800 Uncommon trap: reason=class_check action=maybe_recompile pc=0x0000000008635db8 method=com.intellij.psi.impl.source.tree.SharedImplUtil.findFileElement(Lcom/intellij/lang/ASTNode;)Lcom/intellij/lang/FileASTNode; @ 59

Classes redefined (0 events):
No events

Internal exceptions (10 events):
Event: 394.032 Thread 0x000000002538b800 Exception <a 'java/lang/NoSuchMethodError': java.lang.Object.lambda$static$0(I)[Lcom/intellij/psi/PsiField;> (0x0000000798efceb0) thrown at [C:\src\AOSP-openjdk-git\hotspot\src\share\vm\interpreter\linkResolver.cpp, line 620]
Event: 394.147 Thread 0x000000002538b800 Exception <a 'java/lang/NoSuchMethodError': java.lang.Object.lambda$static$0(I)[Lcom/intellij/psi/PsiClassInitializer;> (0x000000079905a780) thrown at [C:\src\AOSP-openjdk-git\hotspot\src\share\vm\interpreter\linkResolver.cpp, line 620]
Event: 394.149 Thread 0x000000002538b800 Exception <a 'java/lang/NoSuchMethodError': java.lang.Object.lambda$static$0(I)[Lcom/intellij/psi/PsiMethod;> (0x0000000799060b38) thrown at [C:\src\AOSP-openjdk-git\hotspot\src\share\vm\interpreter\linkResolver.cpp, line 620]
Event: 394.202 Thread 0x000000002538b800 Exception <a 'java/lang/NoSuchMethodError': java.lang.Object.lambda$static$0(I)[Lcom/intellij/psi/PsiTypeParameter;> (0x0000000799177910) thrown at [C:\src\AOSP-openjdk-git\hotspot\src\share\vm\interpreter\linkResolver.cpp, line 620]
Event: 394.215 Thread 0x000000002538b800 Exception <a 'java/lang/NoSuchMethodError': java.lang.Object.lambda$static$0()Lcom/intellij/psi/PsiSubstitutor;> (0x00000007991ceaf0) thrown at [C:\src\AOSP-openjdk-git\hotspot\src\share\vm\interpreter\linkResolver.cpp, line 620]
Event: 394.235 Thread 0x000000002538b800 Exception <a 'java/lang/NoSuchMethodError': java.lang.Object.lambda$static$0(I)[Lcom/intellij/psi/PsiJavaCodeReferenceElement;> (0x000000079924da08) thrown at [C:\src\AOSP-openjdk-git\hotspot\src\share\vm\interpreter\linkResolver.cpp, line 620]
Event: 394.607 Thread 0x000000002538b800 Exception <a 'java/lang/NoSuchMethodError': java.lang.Object.lambda$static$0(I)[Lcom/intellij/psi/PsiParameter;> (0x0000000799a74ed8) thrown at [C:\src\AOSP-openjdk-git\hotspot\src\share\vm\interpreter\linkResolver.cpp, line 620]
Event: 394.792 Thread 0x000000002538b800 Exception <a 'java/lang/NoSuchMethodError': java.lang.Object.lambda$static$0(I)I> (0x0000000799ba6880) thrown at [C:\src\AOSP-openjdk-git\hotspot\src\share\vm\interpreter\linkResolver.cpp, line 620]
Event: 395.385 Thread 0x000000002538b800 Exception <a 'java/lang/NoSuchMethodError': java.lang.Object.lambda$static$0(I)[Lcom/intellij/psi/PsiNameValuePair;> (0x000000079a465150) thrown at [C:\src\AOSP-openjdk-git\hotspot\src\share\vm\interpreter\linkResolver.cpp, line 620]
Event: 395.832 Thread 0x000000002538b800 Exception <a 'java/lang/NoSuchMethodError': java.lang.Object.lambda$static$0(I)[Lcom/intellij/psi/PsiAnnotationMemberValue;> (0x000000079ad80608) thrown at [C:\src\AOSP-openjdk-git\hotspot\src\share\vm\interpreter\linkResolver.cpp, line 620]

Events (10 events):
Event: 395.832 loading class com/intellij/psi/PsiAnnotationMemberValue
Event: 395.832 loading class com/intellij/psi/PsiAnnotationMemberValue done
Event: 395.832 loading class com/intellij/psi/PsiAnnotationMemberValue
Event: 395.832 loading class com/intellij/psi/PsiAnnotationMemberValue done
Event: 395.832 loading class com/intellij/util/ArrayFactory
Event: 395.832 loading class com/intellij/util/ArrayFactory done
Event: 395.834 Thread 0x000000002538b800 DEOPT PACKING pc=0x0000000008710782 sp=0x000000002d43a6a0
Event: 395.834 Thread 0x000000002538b800 DEOPT UNPACKING pc=0x00000000031b71d0 sp=0x000000002d43a3b8 mode 0
Event: 395.835 Thread 0x000000002538b800 DEOPT PACKING pc=0x0000000008715357 sp=0x000000002d43a7f0
Event: 395.835 Thread 0x000000002538b800 DEOPT UNPACKING pc=0x00000000031b71d0 sp=0x000000002d43a588 mode 0


Dynamic libraries:
0x00007ff667110000 - 0x00007ff667141000 	D:\STUDIO\androidStu\jre\bin\java.exe
0x00007ffde2900000 - 0x00007ffde2af0000 	C:\Windows\SYSTEM32\ntdll.dll
0x00007ffde22f0000 - 0x00007ffde23a2000 	C:\Windows\System32\KERNEL32.DLL
0x00007ffde00f0000 - 0x00007ffde0393000 	C:\Windows\System32\KERNELBASE.dll
0x00007ffde0cc0000 - 0x00007ffde0d63000 	C:\Windows\System32\ADVAPI32.dll
0x00007ffde1de0000 - 0x00007ffde1e7e000 	C:\Windows\System32\msvcrt.dll
0x00007ffde1be0000 - 0x00007ffde1c77000 	C:\Windows\System32\sechost.dll
0x00007ffde1810000 - 0x00007ffde1930000 	C:\Windows\System32\RPCRT4.dll
0x00007ffde23b0000 - 0x00007ffde2543000 	C:\Windows\System32\USER32.dll
0x00007ffddf890000 - 0x00007ffddf8b1000 	C:\Windows\System32\win32u.dll
0x00007ffde2890000 - 0x00007ffde28b6000 	C:\Windows\System32\GDI32.dll
0x00007ffde0790000 - 0x00007ffde0924000 	C:\Windows\System32\gdi32full.dll
0x00007ffde0580000 - 0x00007ffde061e000 	C:\Windows\System32\msvcp_win.dll
0x00007ffde0450000 - 0x00007ffde054a000 	C:\Windows\System32\ucrtbase.dll
0x00007ffdd1300000 - 0x00007ffdd1585000 	C:\Windows\WinSxS\amd64_microsoft.windows.common-controls_6595b64144ccf1df_6.0.18362.207_none_e6c5ae95130e4267\COMCTL32.dll
0x00007ffde2550000 - 0x00007ffde2886000 	C:\Windows\System32\combase.dll
0x00007ffde0930000 - 0x00007ffde09b1000 	C:\Windows\System32\bcryptPrimitives.dll
0x00007ffde19a0000 - 0x00007ffde19ce000 	C:\Windows\System32\IMM32.DLL
0x0000000077730000 - 0x0000000077802000 	D:\STUDIO\androidStu\jre\jre\bin\msvcr100.dll
0x0000000076d60000 - 0x00000000775ab000 	D:\STUDIO\androidStu\jre\jre\bin\server\jvm.dll
0x00007ffde0dd0000 - 0x00007ffde0dd8000 	C:\Windows\System32\PSAPI.DLL
0x00007ffdda6c0000 - 0x00007ffdda6c9000 	C:\Windows\SYSTEM32\WSOCK32.dll
0x00007ffdd8b00000 - 0x00007ffdd8b0a000 	C:\Windows\SYSTEM32\VERSION.dll
0x00007ffddce90000 - 0x00007ffddceb4000 	C:\Windows\SYSTEM32\WINMM.dll
0x00007ffde1930000 - 0x00007ffde199f000 	C:\Windows\System32\WS2_32.dll
0x00007ffddce60000 - 0x00007ffddce8d000 	C:\Windows\SYSTEM32\WINMMBASE.dll
0x00007ffde0040000 - 0x00007ffde008a000 	C:\Windows\System32\cfgmgr32.dll
0x00007ffdda200000 - 0x00007ffdda20f000 	D:\STUDIO\androidStu\jre\jre\bin\verify.dll
0x00007ffdda1d0000 - 0x00007ffdda1f9000 	D:\STUDIO\androidStu\jre\jre\bin\java.dll
0x00007ffdd8130000 - 0x00007ffdd8146000 	D:\STUDIO\androidStu\jre\jre\bin\zip.dll
0x00007ffde0e40000 - 0x00007ffde1520000 	C:\Windows\System32\SHELL32.dll
0x00007ffde09d0000 - 0x00007ffde0a79000 	C:\Windows\System32\shcore.dll
0x00007ffddf8c0000 - 0x00007ffde003b000 	C:\Windows\System32\windows.storage.dll
0x00007ffddf850000 - 0x00007ffddf86f000 	C:\Windows\System32\profapi.dll
0x00007ffddf800000 - 0x00007ffddf84a000 	C:\Windows\System32\powrprof.dll
0x00007ffddf7d0000 - 0x00007ffddf7e0000 	C:\Windows\System32\UMPDC.dll
0x00007ffde15a0000 - 0x00007ffde15f2000 	C:\Windows\System32\shlwapi.dll
0x00007ffddf7e0000 - 0x00007ffddf7f1000 	C:\Windows\System32\kernel.appcore.dll
0x00007ffde0770000 - 0x00007ffde0787000 	C:\Windows\System32\cryptsp.dll
0x00007ffdd8110000 - 0x00007ffdd812a000 	D:\STUDIO\androidStu\jre\jre\bin\net.dll
0x00007ffddefe0000 - 0x00007ffddf047000 	C:\Windows\system32\mswsock.dll
0x00007ffdd80f0000 - 0x00007ffdd8103000 	D:\STUDIO\androidStu\jre\jre\bin\nio.dll
0x00007ffdda420000 - 0x00007ffdda446000 	C:\Users\Vishal Asware\.gradle\native\31\windows-amd64\native-platform.dll
0x00007ffdd8610000 - 0x00007ffdd861d000 	D:\STUDIO\androidStu\jre\jre\bin\management.dll
0x00007ffddeba0000 - 0x00007ffddebd3000 	C:\Windows\system32\rsaenh.dll
0x00007ffde0550000 - 0x00007ffde0576000 	C:\Windows\System32\bcrypt.dll
0x00007ffddf6f0000 - 0x00007ffddf715000 	C:\Windows\SYSTEM32\USERENV.dll
0x00007ffddf1b0000 - 0x00007ffddf1bc000 	C:\Windows\SYSTEM32\CRYPTBASE.dll
0x00007ffdded40000 - 0x00007ffdded7a000 	C:\Windows\SYSTEM32\IPHLPAPI.DLL
0x00007ffde09c0000 - 0x00007ffde09c8000 	C:\Windows\System32\NSI.dll
0x00007ffdd7fa0000 - 0x00007ffdd7fb6000 	C:\Windows\SYSTEM32\dhcpcsvc6.DLL
0x00007ffdd8730000 - 0x00007ffdd874c000 	C:\Windows\SYSTEM32\dhcpcsvc.DLL
0x00007ffdded80000 - 0x00007ffddee4a000 	C:\Windows\SYSTEM32\DNSAPI.dll
0x00007ffdda670000 - 0x00007ffdda694000 	D:\STUDIO\androidStu\jre\jre\bin\sunec.dll
0x00007ffdd3b40000 - 0x00007ffdd3b4a000 	C:\Windows\System32\rasadhlp.dll
0x00007ffdd53d0000 - 0x00007ffdd5447000 	C:\Windows\System32\fwpuclnt.dll
0x00007ffdda490000 - 0x00007ffdda49b000 	D:\STUDIO\androidStu\jre\jre\bin\sunmscapi.dll
0x00007ffde0620000 - 0x00007ffde0769000 	C:\Windows\System32\CRYPT32.dll
0x00007ffddf870000 - 0x00007ffddf882000 	C:\Windows\System32\MSASN1.dll
0x00007ffdde880000 - 0x00007ffdde8b1000 	C:\Windows\SYSTEM32\ntmarta.dll
0x00007ffdb9eb0000 - 0x00007ffdba04c000 	D:\STUDIO\androidStu\jre\jre\bin\awt.dll
0x00007ffde1740000 - 0x00007ffde1804000 	C:\Windows\System32\OLEAUT32.dll
0x00007ffdddce0000 - 0x00007ffdddd0d000 	C:\Windows\SYSTEM32\dwmapi.dll
0x00007ffddc000000 - 0x00007ffddc5c0000 	C:\Windows\SYSTEM32\d2d1.dll
0x00007ffddd510000 - 0x00007ffddd59f000 	C:\Windows\SYSTEM32\apphelp.dll
0x00007ffddd6f0000 - 0x00007ffddd789000 	C:\Windows\system32\uxtheme.dll

VM Arguments:
jvm_args: -Xmx4096m -Dfile.encoding=windows-1252 -Duser.country=US -Duser.language=en -Duser.variant 
java_command: org.gradle.launcher.daemon.bootstrap.GradleDaemon 6.1.1
java_class_path (initial): C:\Users\Vishal Asware\.gradle\wrapper\dists\gradle-6.1.1-all\cfmwm155h49vnt3hynmlrsdst\gradle-6.1.1\lib\gradle-launcher-6.1.1.jar
Launcher Type: SUN_STANDARD

Environment Variables:
PATH=C:\Windows\system32;C:\Windows;C:\Windows\System32\Wbem;C:\Windows\System32\WindowsPowerShell\v1.0\;C:\Windows\System32\OpenSSH\;C:\Users\Vishal Asware\AppData\Local\Microsoft\WindowsApps;C:\adb;C:\Users\Vishal Asware\AppData\Local\Microsoft\WindowsApps;
USERNAME=Vishal Asware
OS=Windows_NT
PROCESSOR_IDENTIFIER=AMD64 Family 23 Model 24 Stepping 1, AuthenticAMD



---------------  S Y S T E M  ---------------

OS: Windows 10.0 , 64 bit Build 18362 (10.0.18362.86)

CPU:total 8 (initial active 8) (8 cores per cpu, 1 threads per core) family 23 model 24 stepping 1, cmov, cx8, fxsr, mmx, sse, sse2, sse3, ssse3, sse4.1, sse4.2, popcnt, avx, avx2, aes, clmul, mmxext, 3dnowpref, lzcnt, sse4a, tsc, tscinvbit, tscinv, bmi1

Memory: 4k page, physical 3616372k(374900k free), swap 10101148k(5532k free)

vm_info: OpenJDK 64-Bit Server VM (25.242-b01) for windows-amd64 JRE (1.8.0_242-release-1644-b01), built by "builder" with MS VC++ 10.0 (VS2010)

time: Thu Jun 25 13:58:26 2020
timezone: India Standard Time
elapsed time: 395 seconds (0d 0h 6m 35s)

