#
# There is insufficient memory for the Java Runtime Environment to continue.
# Native memory allocation (malloc) failed to allocate 1424496 bytes for Chunk::new
# Possible reasons:
#   The system is out of physical RAM or swap space
#   The process is running with CompressedOops enabled, and the Java Heap may be blocking the growth of the native heap
# Possible solutions:
#   Reduce memory load on the system
#   Increase physical memory or swap space
#   Check if swap backing store is full
#   Decrease Java heap size (-Xmx/-Xms)
#   Decrease number of Java threads
#   Decrease Java thread stack sizes (-Xss)
#   Set larger code cache with -XX:ReservedCodeCacheSize=
#   JVM is running with Zero Based Compressed Oops mode in which the Java heap is
#     placed in the first 32GB address space. The Java Heap base address is the
#     maximum limit for the native heap growth. Please use -XX:HeapBaseMinAddress
#     to set the Java Heap base and to place the Java Heap above 32GB virtual address.
# This output file may be truncated or incomplete.
#
#  Out of Memory Error (allocation.cpp:389), pid=11352, tid=0x00000000000036ac
#
# JRE version: OpenJDK Runtime Environment (8.0_242-b01) (build 1.8.0_242-release-1644-b01)
# Java VM: OpenJDK 64-Bit Server VM (25.242-b01 mixed mode windows-amd64 compressed oops)
# Failed to write core dump. Minidumps are not enabled by default on client versions of Windows
#

---------------  T H R E A D  ---------------

Current thread (0x000000001c7b9000):  JavaThread "C2 CompilerThread0" daemon [_thread_in_native, id=13996, stack(0x000000001ee90000,0x000000001ef90000)]

Stack: [0x000000001ee90000,0x000000001ef90000]
[error occurred during error reporting (printing stack bounds), id 0xc0000005]

Native frames: (J=compiled Java code, j=interpreted, Vv=VM code, C=native code)


Current CompileTask:
C2:3538884 35719       4       com.sun.tools.javac.jvm.ClassWriter::writePool (1051 bytes)


---------------  P R O C E S S  ---------------

Java Threads: ( => current thread )
  0x000000002debf000 JavaThread "Cache worker for Java compile cache (D:\vishal\skimpe_browser_files\SKYINBROWSER\.gradle\6.1.1\javaCompile)" [_thread_blocked, id=14208, stack(0x00000000229b0000,0x0000000022ab0000)]
  0x0000000027227800 JavaThread "Execution worker for ':' Thread 7" [_thread_blocked, id=7552, stack(0x000000002ffc0000,0x00000000300c0000)]
  0x000000002722a800 JavaThread "Execution worker for ':' Thread 6" [_thread_blocked, id=620, stack(0x000000002fdc0000,0x000000002fec0000)]
  0x000000002722e000 JavaThread "Execution worker for ':' Thread 5" [_thread_in_native, id=2924, stack(0x000000002f4c0000,0x000000002f5c0000)]
  0x0000000027229800 JavaThread "Execution worker for ':' Thread 4" [_thread_blocked, id=13220, stack(0x000000002f1c0000,0x000000002f2c0000)]
  0x000000002722c800 JavaThread "Execution worker for ':' Thread 3" [_thread_blocked, id=11620, stack(0x000000002c8d0000,0x000000002c9d0000)]
  0x0000000027229000 JavaThread "Execution worker for ':' Thread 2" [_thread_blocked, id=11740, stack(0x000000002c560000,0x000000002c660000)]
  0x0000000027228000 JavaThread "Execution worker for ':'" [_thread_blocked, id=4252, stack(0x000000002be60000,0x000000002bf60000)]
  0x000000002722d800 JavaThread "Cache worker for execution history cache (D:\vishal\skimpe_browser_files\SKYINBROWSER\.gradle\6.1.1\executionHistory)" [_thread_blocked, id=2880, stack(0x000000002aa60000,0x000000002ab60000)]
  0x000000002722b000 JavaThread "Cache worker for file content cache (D:\vishal\skimpe_browser_files\SKYINBROWSER\.gradle\6.1.1\fileContent)" [_thread_blocked, id=12424, stack(0x000000002a960000,0x000000002aa60000)]
  0x0000000027226800 JavaThread "Cache worker for Build Output Cleanup Cache (D:\vishal\skimpe_browser_files\SKYINBROWSER\.gradle\buildOutputCleanup)" [_thread_blocked, id=10796, stack(0x0000000028590000,0x0000000028690000)]
  0x000000002721f000 JavaThread "Build operations Thread 8" [_thread_blocked, id=13552, stack(0x0000000028490000,0x0000000028590000)]
  0x0000000027225000 JavaThread "Build operations Thread 7" [_thread_blocked, id=5008, stack(0x0000000028390000,0x0000000028490000)]
  0x0000000027223800 JavaThread "Build operations Thread 6" [_thread_blocked, id=6996, stack(0x0000000028290000,0x0000000028390000)]
  0x0000000027222800 JavaThread "Build operations Thread 5" [_thread_blocked, id=2364, stack(0x0000000028190000,0x0000000028290000)]
  0x0000000027222000 JavaThread "Build operations Thread 4" [_thread_blocked, id=9248, stack(0x0000000028090000,0x0000000028190000)]
  0x0000000027220800 JavaThread "Build operations Thread 3" [_thread_blocked, id=11596, stack(0x0000000027f90000,0x0000000028090000)]
  0x000000002721f800 JavaThread "Build operations Thread 2" [_thread_blocked, id=13212, stack(0x0000000027c80000,0x0000000027d80000)]
  0x0000000026b61000 JavaThread "Build operations" [_thread_blocked, id=7756, stack(0x0000000025c50000,0x0000000025d50000)]
  0x0000000026b61800 JavaThread "Cache worker for cache directory md-rule (C:\Users\Vishal\.gradle\caches\6.1.1\md-rule)" [_thread_blocked, id=5812, stack(0x0000000025b50000,0x0000000025c50000)]
  0x0000000026b5f800 JavaThread "Cache worker for cache directory md-supplier (C:\Users\Vishal\.gradle\caches\6.1.1\md-supplier)" [_thread_blocked, id=11752, stack(0x0000000025650000,0x0000000025750000)]
  0x0000000026b60000 JavaThread "Cache worker for file hash cache (D:\vishal\skimpe_browser_files\SKYINBROWSER\.gradle\6.1.1\fileHashes)" [_thread_blocked, id=12560, stack(0x0000000025550000,0x0000000025650000)]
  0x0000000026b5e800 JavaThread "Cache worker for checksums cache (D:\vishal\skimpe_browser_files\SKYINBROWSER\.gradle\checksums)" [_thread_blocked, id=12468, stack(0x0000000022db0000,0x0000000022eb0000)]
  0x0000000026b5e000 JavaThread "Thread-168" [_thread_blocked, id=1060, stack(0x0000000022ab0000,0x0000000022bb0000)]
  0x0000000026b64000 JavaThread "Asynchronous log dispatcher for DefaultDaemonConnection: socket connection from /127.0.0.1:57881 to /127.0.0.1:60355" [_thread_blocked, id=13436, stack(0x00000000226b0000,0x00000000227b0000)]
  0x0000000026b63000 JavaThread "Cancel handler" [_thread_blocked, id=12568, stack(0x00000000010b0000,0x00000000011b0000)]
  0x0000000026b62800 JavaThread "Handler for socket connection from /127.0.0.1:57881 to /127.0.0.1:60355" [_thread_in_native, id=5448, stack(0x0000000000fb0000,0x00000000010b0000)]
  0x0000000026b5b000 JavaThread "RMI RenewClean-[127.0.0.1:17040,org.jetbrains.kotlin.daemon.common.LoopbackNetworkInterface$ClientLoopbackSocketFactory@32013ec2]" daemon [_thread_blocked, id=6240, stack(0x000000002fbc0000,0x000000002fcc0000)]
  0x0000000026b58000 JavaThread "RMI TCP Connection(21)-127.0.0.1" daemon [_thread_in_native, id=11396, stack(0x000000002fac0000,0x000000002fbc0000)]
  0x000000002722c000 JavaThread "RMI RenewClean-[127.0.0.1:17040,org.jetbrains.kotlin.daemon.common.LoopbackNetworkInterface$ClientLoopbackSocketFactory@50396b4b]" daemon [_thread_blocked, id=10460, stack(0x000000002f5c0000,0x000000002f6c0000)]
  0x000000002cc14800 JavaThread "RMI RenewClean-[127.0.0.1:17654,org.jetbrains.kotlin.daemon.common.LoopbackNetworkInterface$ClientLoopbackSocketFactory@60157fe6]" daemon [_thread_blocked, id=13040, stack(0x0000000033ad0000,0x0000000033bd0000)]
  0x0000000020657000 JavaThread "Daemon worker Thread 3" [_thread_blocked, id=5748, stack(0x00000000225b0000,0x00000000226b0000)]
  0x000000002065a000 JavaThread "Daemon Thread 3" [_thread_blocked, id=1000, stack(0x0000000000eb0000,0x0000000000fb0000)]
  0x000000001e5d4800 JavaThread "Cache worker for Java compile cache (C:\Users\Vishal\.gradle\caches\6.1.1\javaCompile)" [_thread_blocked, id=6828, stack(0x000000002fec0000,0x000000002ffc0000)]
  0x000000002cc12000 JavaThread "RMI Reaper" [_thread_blocked, id=12876, stack(0x0000000031ab0000,0x0000000031bb0000)]
  0x000000002cc19000 JavaThread "RMI TCP Accept-0" daemon [_thread_in_native, id=13664, stack(0x00000000319b0000,0x0000000031ab0000)]
  0x000000002cc17800 JavaThread "GC Daemon" daemon [_thread_blocked, id=3432, stack(0x0000000031290000,0x0000000031390000)]
  0x000000002065d800 JavaThread "RMI Scheduler(0)" daemon [_thread_blocked, id=12624, stack(0x000000002bb60000,0x000000002bc60000)]
  0x0000000020651800 JavaThread "MarlinRenderer Disposer" daemon [_thread_blocked, id=13060, stack(0x0000000030790000,0x0000000030890000)]
  0x0000000020656000 JavaThread "Java2D Disposer" daemon [_thread_blocked, id=6764, stack(0x0000000030490000,0x0000000030590000)]
  0x0000000023a49000 JavaThread "Cache worker for file content cache (C:\Users\Vishal\.gradle\caches\6.1.1\fileContent)" [_thread_blocked, id=2344, stack(0x0000000028c90000,0x0000000028d90000)]
  0x0000000023a4b000 JavaThread "Memory manager" [_thread_blocked, id=9600, stack(0x000000002ab60000,0x000000002ac60000)]
  0x000000001e5d1800 JavaThread "Cache worker for execution history cache (C:\Users\Vishal\.gradle\caches\6.1.1\executionHistory)" [_thread_blocked, id=13428, stack(0x0000000025d50000,0x0000000025e50000)]
  0x000000001e5d3000 JavaThread "Cache worker for file hash cache (C:\Users\Vishal\.gradle\caches\6.1.1\fileHashes)" [_thread_blocked, id=8640, stack(0x00000000232b0000,0x00000000233b0000)]
  0x000000001e5cf800 JavaThread "File lock request listener" [_thread_in_native, id=8944, stack(0x00000000231b0000,0x00000000232b0000)]
  0x000000002118c800 JavaThread "Cache worker for journal cache (C:\Users\Vishal\.gradle\caches\journal-1)" [_thread_blocked, id=8040, stack(0x00000000230b0000,0x00000000231b0000)]
  0x0000000020e81800 JavaThread "Daemon periodic checks" [_thread_blocked, id=3048, stack(0x00000000224b0000,0x00000000225b0000)]
  0x0000000020e32000 JavaThread "Incoming local TCP Connector on port 57881" [_thread_in_native, id=10660, stack(0x0000000022270000,0x0000000022370000)]
  0x0000000020dc1800 JavaThread "Daemon health stats" [_thread_blocked, id=12880, stack(0x0000000021c30000,0x0000000021d30000)]
  0x000000001e658800 JavaThread "Service Thread" daemon [_thread_blocked, id=1872, stack(0x000000001f290000,0x000000001f390000)]
  0x000000001e5d0000 JavaThread "C1 CompilerThread3" daemon [_thread_blocked, id=13896, stack(0x000000001f190000,0x000000001f290000)]
  0x000000001e5d2800 JavaThread "C2 CompilerThread2" daemon [_thread_in_native, id=2432, stack(0x000000001f090000,0x000000001f190000)]
  0x000000001e5c8000 JavaThread "C2 CompilerThread1" daemon [_thread_in_native, id=5004, stack(0x000000001ef90000,0x000000001f090000)]
=>0x000000001c7b9000 JavaThread "C2 CompilerThread0" daemon [_thread_in_native, id=13996, stack(0x000000001ee90000,0x000000001ef90000)]
  0x000000001e5c4800 JavaThread "Attach Listener" daemon [_thread_blocked, id=13216, stack(0x000000001ed90000,0x000000001ee90000)]
  0x000000001e5c3000 JavaThread "Signal Dispatcher" daemon [_thread_blocked, id=2952, stack(0x000000001ec90000,0x000000001ed90000)]
  0x0000000002c3b800 JavaThread "Finalizer" daemon [_thread_blocked, id=13608, stack(0x000000001ea90000,0x000000001eb90000)]
  0x000000001e5b0800 JavaThread "Reference Handler" daemon [_thread_blocked, id=10224, stack(0x000000001e990000,0x000000001ea90000)]
  0x0000000002b40800 JavaThread "main" [_thread_blocked, id=13560, stack(0x0000000002a40000,0x0000000002b40000)]

Other Threads:
  0x000000001c7a9000 VMThread [stack: 0x000000001e490000,0x000000001e590000] [id=9776]
  0x000000001e659000 WatcherThread [stack: 0x000000001f390000,0x000000001f490000] [id=6480]

VM state:not at safepoint (normal execution)

VM Mutex/Monitor currently owned by a thread: None

heap address: 0x00000006c0000000, size: 4096 MB, Compressed Oops mode: Zero based, Oop shift amount: 3
Narrow klass base: 0x0000000000000000, Narrow klass shift: 3
Compressed class space size: 1073741824 Address: 0x00000007c0000000

Heap:
 PSYoungGen      total 964096K, used 160804K [0x000000076ab00000, 0x00000007aec00000, 0x00000007c0000000)
  eden space 826880K, 8% used [0x000000076ab00000,0x000000076efb00b0,0x000000079d280000)
  from space 137216K, 65% used [0x00000007a5d80000,0x00000007ab5d9100,0x00000007ae380000)
  to   space 142336K, 0% used [0x000000079d280000,0x000000079d280000,0x00000007a5d80000)
 ParOldGen       total 520704K, used 379513K [0x00000006c0000000, 0x00000006dfc80000, 0x000000076ab00000)
  object space 520704K, 72% used [0x00000006c0000000,0x00000006d729e7a0,0x00000006dfc80000)
 Metaspace       used 128765K, capacity 136982K, committed 137344K, reserved 1169408K
  class space    used 16276K, capacity 17940K, committed 18048K, reserved 1048576K

Card table byte_map: [0x0000000012000000,0x0000000012810000] byte_map_base: 0x000000000ea00000

Marking Bits: (ParMarkBitMap*) 0x00000000560ef030
 Begin Bits: [0x0000000013570000, 0x0000000017570000)
 End Bits:   [0x0000000017570000, 0x000000001b570000)

Polling page: 0x0000000000cd0000

CodeCache: size=245760Kb used=96573Kb max_used=96573Kb free=149186Kb
 bounds [0x0000000002c40000, 0x0000000008b20000, 0x0000000011c40000]
 total_blobs=26788 nmethods=25681 adapters=1016
 compilation: enabled

Compilation events (10 events):
Event: 3538.835 Thread 0x000000001e5d2800 35730       4       com.sun.tools.javac.jvm.Gen$ClassReferenceVisitor::visitSelect (39 bytes)
Event: 3538.838 Thread 0x000000001e5d2800 nmethod 35730 0x0000000008ae4890 code [0x0000000008ae49e0, 0x0000000008ae4b28]
Event: 3538.849 Thread 0x000000001e5d0000 35731       3       com.sun.tools.javac.comp.Check::checkHideClashes (169 bytes)
Event: 3538.854 Thread 0x000000001e5d0000 nmethod 35731 0x0000000008b11390 code [0x0000000008b11820, 0x0000000008b14c58]
Event: 3538.854 Thread 0x000000001e5d0000 35732       3       com.sun.tools.javac.code.Types$MembersClosureCache$MembersScope::getElementsByName (14 bytes)
Event: 3538.855 Thread 0x000000001e5d0000 nmethod 35732 0x0000000008ad6b90 code [0x0000000008ad6d20, 0x0000000008ad7108]
Event: 3538.855 Thread 0x000000001e5d0000 35733       3       com.sun.tools.javac.code.Types$MembersClosureCache$MembersScope::combine (10 bytes)
Event: 3538.856 Thread 0x000000001e5d0000 nmethod 35733 0x0000000008ad6690 code [0x0000000008ad6800, 0x0000000008ad6a90]
Event: 3538.857 Thread 0x000000001e5d0000 35734       3       com.sun.tools.javac.tree.JCTree$JCWildcard::accept (6 bytes)
Event: 3538.857 Thread 0x000000001e5d0000 nmethod 35734 0x0000000008af5c50 code [0x0000000008af5dc0, 0x0000000008af5fe8]

GC Heap History (10 events):
Event: 626.879 GC heap before
{Heap before GC invocations=37 (full 7):
 PSYoungGen      total 855552K, used 737100K [0x000000076ab00000, 0x00000007abb00000, 0x00000007c0000000)
  eden space 685568K, 100% used [0x000000076ab00000,0x0000000794880000,0x0000000794880000)
  from space 169984K, 30% used [0x0000000794880000,0x0000000797ad3260,0x000000079ee80000)
  to   space 161280K, 0% used [0x00000007a1d80000,0x00000007a1d80000,0x00000007abb00000)
 ParOldGen       total 520704K, used 379473K [0x00000006c0000000, 0x00000006dfc80000, 0x000000076ab00000)
  object space 520704K, 72% used [0x00000006c0000000,0x00000006d72947a0,0x00000006dfc80000)
 Metaspace       used 126442K, capacity 133748K, committed 133888K, reserved 1165312K
  class space    used 16051K, capacity 17529K, committed 17664K, reserved 1048576K
Event: 628.146 GC heap after
Heap after GC invocations=37 (full 7):
 PSYoungGen      total 880128K, used 55396K [0x000000076ab00000, 0x00000007aa680000, 0x00000007c0000000)
  eden space 739840K, 0% used [0x000000076ab00000,0x000000076ab00000,0x0000000797d80000)
  from space 140288K, 39% used [0x00000007a1d80000,0x00000007a53990a8,0x00000007aa680000)
  to   space 152064K, 0% used [0x0000000797d80000,0x0000000797d80000,0x00000007a1200000)
 ParOldGen       total 520704K, used 379481K [0x00000006c0000000, 0x00000006dfc80000, 0x000000076ab00000)
  object space 520704K, 72% used [0x00000006c0000000,0x00000006d72967a0,0x00000006dfc80000)
 Metaspace       used 126442K, capacity 133748K, committed 133888K, reserved 1165312K
  class space    used 16051K, capacity 17529K, committed 17664K, reserved 1048576K
}
Event: 3298.107 GC heap before
{Heap before GC invocations=38 (full 7):
 PSYoungGen      total 880128K, used 795236K [0x000000076ab00000, 0x00000007aa680000, 0x00000007c0000000)
  eden space 739840K, 100% used [0x000000076ab00000,0x0000000797d80000,0x0000000797d80000)
  from space 140288K, 39% used [0x00000007a1d80000,0x00000007a53990a8,0x00000007aa680000)
  to   space 152064K, 0% used [0x0000000797d80000,0x0000000797d80000,0x00000007a1200000)
 ParOldGen       total 520704K, used 379481K [0x00000006c0000000, 0x00000006dfc80000, 0x000000076ab00000)
  object space 520704K, 72% used [0x00000006c0000000,0x00000006d72967a0,0x00000006dfc80000)
 Metaspace       used 127169K, capacity 134870K, committed 135040K, reserved 1167360K
  class space    used 16133K, capacity 17682K, committed 17792K, reserved 1048576K
Event: 3299.899 GC heap after
Heap after GC invocations=38 (full 7):
 PSYoungGen      total 891904K, used 20721K [0x000000076ab00000, 0x00000007ad080000, 0x00000007c0000000)
  eden space 739840K, 0% used [0x000000076ab00000,0x000000076ab00000,0x0000000797d80000)
  from space 152064K, 13% used [0x0000000797d80000,0x00000007991bc5b0,0x00000007a1200000)
  to   space 150016K, 0% used [0x00000007a3e00000,0x00000007a3e00000,0x00000007ad080000)
 ParOldGen       total 520704K, used 379489K [0x00000006c0000000, 0x00000006dfc80000, 0x000000076ab00000)
  object space 520704K, 72% used [0x00000006c0000000,0x00000006d72987a0,0x00000006dfc80000)
 Metaspace       used 127169K, capacity 134870K, committed 135040K, reserved 1167360K
  class space    used 16133K, capacity 17682K, committed 17792K, reserved 1048576K
}
Event: 3330.238 GC heap before
{Heap before GC invocations=39 (full 7):
 PSYoungGen      total 891904K, used 760561K [0x000000076ab00000, 0x00000007ad080000, 0x00000007c0000000)
  eden space 739840K, 100% used [0x000000076ab00000,0x0000000797d80000,0x0000000797d80000)
  from space 152064K, 13% used [0x0000000797d80000,0x00000007991bc5b0,0x00000007a1200000)
  to   space 150016K, 0% used [0x00000007a3e00000,0x00000007a3e00000,0x00000007ad080000)
 ParOldGen       total 520704K, used 379489K [0x00000006c0000000, 0x00000006dfc80000, 0x000000076ab00000)
  object space 520704K, 72% used [0x00000006c0000000,0x00000006d72987a0,0x00000006dfc80000)
 Metaspace       used 127760K, capacity 135734K, committed 135936K, reserved 1167360K
  class space    used 16188K, capacity 17810K, committed 17920K, reserved 1048576K
Event: 3331.906 GC heap after
Heap after GC invocations=39 (full 7):
 PSYoungGen      total 931840K, used 50763K [0x000000076ab00000, 0x00000007ac600000, 0x00000007c0000000)
  eden space 792576K, 0% used [0x000000076ab00000,0x000000076ab00000,0x000000079b100000)
  from space 139264K, 36% used [0x00000007a3e00000,0x00000007a6f92ed0,0x00000007ac600000)
  to   space 141824K, 0% used [0x000000079b100000,0x000000079b100000,0x00000007a3b80000)
 ParOldGen       total 520704K, used 379497K [0x00000006c0000000, 0x00000006dfc80000, 0x000000076ab00000)
  object space 520704K, 72% used [0x00000006c0000000,0x00000006d729a7a0,0x00000006dfc80000)
 Metaspace       used 127760K, capacity 135734K, committed 135936K, reserved 1167360K
  class space    used 16188K, capacity 17810K, committed 17920K, reserved 1048576K
}
Event: 3468.741 GC heap before
{Heap before GC invocations=40 (full 7):
 PSYoungGen      total 931840K, used 843339K [0x000000076ab00000, 0x00000007ac600000, 0x00000007c0000000)
  eden space 792576K, 100% used [0x000000076ab00000,0x000000079b100000,0x000000079b100000)
  from space 139264K, 36% used [0x00000007a3e00000,0x00000007a6f92ed0,0x00000007ac600000)
  to   space 141824K, 0% used [0x000000079b100000,0x000000079b100000,0x00000007a3b80000)
 ParOldGen       total 520704K, used 379497K [0x00000006c0000000, 0x00000006dfc80000, 0x000000076ab00000)
  object space 520704K, 72% used [0x00000006c0000000,0x00000006d729a7a0,0x00000006dfc80000)
 Metaspace       used 128392K, capacity 136618K, committed 136704K, reserved 1167360K
  class space    used 16256K, capacity 17892K, committed 17920K, reserved 1048576K
Event: 3469.623 GC heap after
Heap after GC invocations=40 (full 7):
 PSYoungGen      total 934400K, used 32844K [0x000000076ab00000, 0x00000007ae380000, 0x00000007c0000000)
  eden space 792576K, 0% used [0x000000076ab00000,0x000000076ab00000,0x000000079b100000)
  from space 141824K, 23% used [0x000000079b100000,0x000000079d1131c8,0x00000007a3b80000)
  to   space 137216K, 0% used [0x00000007a5d80000,0x00000007a5d80000,0x00000007ae380000)
 ParOldGen       total 520704K, used 379505K [0x00000006c0000000, 0x00000006dfc80000, 0x000000076ab00000)
  object space 520704K, 72% used [0x00000006c0000000,0x00000006d729c7a0,0x00000006dfc80000)
 Metaspace       used 128392K, capacity 136618K, committed 136704K, reserved 1167360K
  class space    used 16256K, capacity 17892K, committed 17920K, reserved 1048576K
}
Event: 3534.136 GC heap before
{Heap before GC invocations=41 (full 7):
 PSYoungGen      total 934400K, used 825420K [0x000000076ab00000, 0x00000007ae380000, 0x00000007c0000000)
  eden space 792576K, 100% used [0x000000076ab00000,0x000000079b100000,0x000000079b100000)
  from space 141824K, 23% used [0x000000079b100000,0x000000079d1131c8,0x00000007a3b80000)
  to   space 137216K, 0% used [0x00000007a5d80000,0x00000007a5d80000,0x00000007ae380000)
 ParOldGen       total 520704K, used 379505K [0x00000006c0000000, 0x00000006dfc80000, 0x000000076ab00000)
  object space 520704K, 72% used [0x00000006c0000000,0x00000006d729c7a0,0x00000006dfc80000)
 Metaspace       used 128715K, capacity 136982K, committed 137344K, reserved 1169408K
  class space    used 16275K, capacity 17940K, committed 18048K, reserved 1048576K
Event: 3535.752 GC heap after
Heap after GC invocations=41 (full 7):
 PSYoungGen      total 964096K, used 90468K [0x000000076ab00000, 0x00000007aec00000, 0x00000007c0000000)
  eden space 826880K, 0% used [0x000000076ab00000,0x000000076ab00000,0x000000079d280000)
  from space 137216K, 65% used [0x00000007a5d80000,0x00000007ab5d9100,0x00000007ae380000)
  to   space 142336K, 0% used [0x000000079d280000,0x000000079d280000,0x00000007a5d80000)
 ParOldGen       total 520704K, used 379513K [0x00000006c0000000, 0x00000006dfc80000, 0x000000076ab00000)
  object space 520704K, 72% used [0x00000006c0000000,0x00000006d729e7a0,0x00000006dfc80000)
 Metaspace       used 128715K, capacity 136982K, committed 137344K, reserved 1169408K
  class space    used 16275K, capacity 17940K, committed 18048K, reserved 1048576K
}

Deoptimization events (10 events):
Event: 3532.324 Thread 0x000000002722e000 Uncommon trap: reason=array_check action=maybe_recompile pc=0x00000000077f113c method=java.util.ComparableTimSort.mergeLo(IIII)V @ 587
Event: 3532.358 Thread 0x000000002722e000 Uncommon trap: reason=array_check action=maybe_recompile pc=0x00000000081d9848 method=java.util.ComparableTimSort.mergeHi(IIII)V @ 654
Event: 3533.203 Thread 0x000000002722e000 Uncommon trap: reason=class_check action=maybe_recompile pc=0x0000000006924ca8 method=com.sun.tools.javac.code.Types.isSignaturePolymorphic(Lcom/sun/tools/javac/code/Symbol$MethodSymbol;)Z @ 4
Event: 3533.204 Thread 0x000000002722e000 Uncommon trap: reason=class_check action=maybe_recompile pc=0x0000000006924ca8 method=com.sun.tools.javac.code.Types.isSignaturePolymorphic(Lcom/sun/tools/javac/code/Symbol$MethodSymbol;)Z @ 4
Event: 3533.553 Thread 0x000000002722e000 Uncommon trap: reason=speculate_class_check action=maybe_recompile pc=0x0000000006b5e32c method=com.sun.tools.javac.tree.JCTree.hasTag(Lcom/sun/tools/javac/tree/JCTree$Tag;)Z @ 2
Event: 3533.768 Thread 0x000000002722e000 Uncommon trap: reason=unstable_if action=reinterpret pc=0x00000000071f9bd8 method=com.sun.tools.javac.code.Types$MembersClosureCache.visitType(Lcom/sun/tools/javac/code/Type;Ljava/lang/Void;)Lcom/sun/tools/javac/code/Scope$CompoundScope; @ 4
Event: 3533.769 Thread 0x000000002722e000 Uncommon trap: reason=unstable_if action=reinterpret pc=0x0000000006fe1464 method=com.sun.tools.javac.code.Types.closure(Lcom/sun/tools/javac/code/Type;)Lcom/sun/tools/javac/util/List; @ 38
Event: 3533.770 Thread 0x000000002722e000 Uncommon trap: reason=unstable_if action=reinterpret pc=0x0000000006d64488 method=com.sun.tools.javac.code.Types.rank(Lcom/sun/tools/javac/code/Type;)I @ 88
Event: 3533.771 Thread 0x000000002722e000 Uncommon trap: reason=unstable_if action=reinterpret pc=0x0000000006d3a548 method=com.sun.tools.javac.code.Types.rank(Lcom/sun/tools/javac/code/Type;)I @ 88
Event: 3537.200 Thread 0x000000002722e000 Uncommon trap: reason=unstable_if action=reinterpret pc=0x0000000006f2eb1c method=com.sun.tools.javac.comp.Attr.check(Lcom/sun/tools/javac/tree/JCTree;Lcom/sun/tools/javac/code/Type;ILcom/sun/tools/javac/comp/Attr$ResultInfo;)Lcom/sun/tools/javac/code/Typ

Classes redefined (0 events):
No events

Internal exceptions (10 events):
Event: 3527.868 Thread 0x000000002722e000 Exception <a 'sun/nio/fs/WindowsException'> (0x000000078b781048) thrown at [C:\src\AOSP-openjdk-git\hotspot\src\share\vm\prims\jni.cpp, line 710]
Event: 3527.870 Thread 0x000000002722e000 Exception <a 'sun/nio/fs/WindowsException'> (0x000000078b781cb0) thrown at [C:\src\AOSP-openjdk-git\hotspot\src\share\vm\prims\jni.cpp, line 710]
Event: 3527.870 Thread 0x000000002722e000 Exception <a 'sun/nio/fs/WindowsException'> (0x000000078b782988) thrown at [C:\src\AOSP-openjdk-git\hotspot\src\share\vm\prims\jni.cpp, line 710]
Event: 3527.872 Thread 0x000000002722e000 Exception <a 'sun/nio/fs/WindowsException'> (0x000000078b787e40) thrown at [C:\src\AOSP-openjdk-git\hotspot\src\share\vm\prims\jni.cpp, line 710]
Event: 3527.872 Thread 0x000000002722e000 Exception <a 'sun/nio/fs/WindowsException'> (0x000000078b788ae8) thrown at [C:\src\AOSP-openjdk-git\hotspot\src\share\vm\prims\jni.cpp, line 710]
Event: 3527.872 Thread 0x000000002722e000 Exception <a 'sun/nio/fs/WindowsException'> (0x000000078b789800) thrown at [C:\src\AOSP-openjdk-git\hotspot\src\share\vm\prims\jni.cpp, line 710]
Event: 3527.872 Thread 0x000000002722e000 Exception <a 'sun/nio/fs/WindowsException'> (0x000000078b78b5f0) thrown at [C:\src\AOSP-openjdk-git\hotspot\src\share\vm\prims\jni.cpp, line 710]
Event: 3527.873 Thread 0x000000002722e000 Exception <a 'sun/nio/fs/WindowsException'> (0x000000078b78c2a8) thrown at [C:\src\AOSP-openjdk-git\hotspot\src\share\vm\prims\jni.cpp, line 710]
Event: 3527.873 Thread 0x000000002722e000 Exception <a 'sun/nio/fs/WindowsException'> (0x000000078b78cfd0) thrown at [C:\src\AOSP-openjdk-git\hotspot\src\share\vm\prims\jni.cpp, line 710]
Event: 3531.018 Thread 0x000000002722e000 Implicit null exception at 0x00000000063a0b13 to 0x00000000063a0b66

Events (10 events):
Event: 3537.324 Executing VM operation: ForceSafepoint
Event: 3537.357 Executing VM operation: ForceSafepoint done
Event: 3537.867 Thread 0x000000002722e000 DEOPT PACKING pc=0x00000000072e243b sp=0x000000002f5bb100
Event: 3537.867 Thread 0x000000002722e000 DEOPT UNPACKING pc=0x0000000002c871d0 sp=0x000000002f5bb108 mode 0
Event: 3538.023 loading class com/sun/tools/javac/jvm/CRTable
Event: 3538.023 loading class com/sun/tools/javac/jvm/CRTable done
Event: 3538.061 loading class com/sun/tools/javac/jvm/CRTFlags
Event: 3538.061 loading class com/sun/tools/javac/jvm/CRTFlags done
Event: 3538.472 Thread 0x000000002722e000 DEOPT PACKING pc=0x00000000072e243b sp=0x000000002f5bb100
Event: 3538.472 Thread 0x000000002722e000 DEOPT UNPACKING pc=0x0000000002c871d0 sp=0x000000002f5bb108 mode 0


Dynamic libraries:
0x00007ff650820000 - 0x00007ff650851000 	D:\STUDIO\androidStu\jre\bin\java.exe
0x00007fff96730000 - 0x00007fff96924000 	C:\Windows\SYSTEM32\ntdll.dll
0x00007fff95c90000 - 0x00007fff95d4d000 	C:\Windows\System32\KERNEL32.DLL
0x00007fff944a0000 - 0x00007fff94767000 	C:\Windows\System32\KERNELBASE.dll
0x00007fff95d50000 - 0x00007fff95dfa000 	C:\Windows\System32\ADVAPI32.dll
0x00007fff94d70000 - 0x00007fff94e0e000 	C:\Windows\System32\msvcrt.dll
0x00007fff96110000 - 0x00007fff961ab000 	C:\Windows\System32\sechost.dll
0x00007fff956c0000 - 0x00007fff957e3000 	C:\Windows\System32\RPCRT4.dll
0x00007fff95e60000 - 0x00007fff96000000 	C:\Windows\System32\USER32.dll
0x00007fff94770000 - 0x00007fff94792000 	C:\Windows\System32\win32u.dll
0x00007fff96640000 - 0x00007fff9666a000 	C:\Windows\System32\GDI32.dll
0x00007fff93e80000 - 0x00007fff93f89000 	C:\Windows\System32\gdi32full.dll
0x00007fff94350000 - 0x00007fff943ed000 	C:\Windows\System32\msvcp_win.dll
0x00007fff94180000 - 0x00007fff94280000 	C:\Windows\System32\ucrtbase.dll
0x00007fff83440000 - 0x00007fff836da000 	C:\Windows\WinSxS\amd64_microsoft.windows.common-controls_6595b64144ccf1df_6.0.19041.1_none_b555e41d4684ddec\COMCTL32.dll
0x00007fff96550000 - 0x00007fff96580000 	C:\Windows\System32\IMM32.DLL
0x00000000549a0000 - 0x0000000054a72000 	D:\STUDIO\androidStu\jre\jre\bin\msvcr100.dll
0x0000000055920000 - 0x000000005616b000 	D:\STUDIO\androidStu\jre\jre\bin\server\jvm.dll
0x00007fff95550000 - 0x00007fff95558000 	C:\Windows\System32\PSAPI.DLL
0x00007fff8d530000 - 0x00007fff8d539000 	C:\Windows\SYSTEM32\WSOCK32.dll
0x00007fff88e50000 - 0x00007fff88e5a000 	C:\Windows\SYSTEM32\VERSION.dll
0x00007fff88e20000 - 0x00007fff88e47000 	C:\Windows\SYSTEM32\WINMM.dll
0x00007fff96400000 - 0x00007fff9646b000 	C:\Windows\System32\WS2_32.dll
0x00007fff86620000 - 0x00007fff8662f000 	D:\STUDIO\androidStu\jre\jre\bin\verify.dll
0x00007fff7a5f0000 - 0x00007fff7a619000 	D:\STUDIO\androidStu\jre\jre\bin\java.dll
0x00007fff80850000 - 0x00007fff80866000 	D:\STUDIO\androidStu\jre\jre\bin\zip.dll
0x00007fff94e10000 - 0x00007fff95541000 	C:\Windows\System32\SHELL32.dll
0x00007fff91ff0000 - 0x00007fff9277a000 	C:\Windows\SYSTEM32\windows.storage.dll
0x00007fff949b0000 - 0x00007fff94d04000 	C:\Windows\System32\combase.dll
0x00007fff93830000 - 0x00007fff9385b000 	C:\Windows\SYSTEM32\Wldp.dll
0x00007fff96000000 - 0x00007fff960ae000 	C:\Windows\System32\SHCORE.dll
0x00007fff95e00000 - 0x00007fff95e55000 	C:\Windows\System32\shlwapi.dll
0x00007fff93dc0000 - 0x00007fff93ddf000 	C:\Windows\SYSTEM32\profapi.dll
0x00007fff8ebf0000 - 0x00007fff8ec0a000 	D:\STUDIO\androidStu\jre\jre\bin\net.dll
0x00007fff935b0000 - 0x00007fff9361a000 	C:\Windows\system32\mswsock.dll
0x00007fff7b1a0000 - 0x00007fff7b1b3000 	D:\STUDIO\androidStu\jre\jre\bin\nio.dll
0x00007fff8ebc0000 - 0x00007fff8ebe6000 	C:\Users\Vishal\.gradle\native\31\windows-amd64\native-platform.dll
0x00007fff85f40000 - 0x00007fff85f4d000 	D:\STUDIO\androidStu\jre\jre\bin\management.dll
0x00007fff93790000 - 0x00007fff937a8000 	C:\Windows\SYSTEM32\CRYPTSP.dll
0x00007fff92f40000 - 0x00007fff92f74000 	C:\Windows\system32\rsaenh.dll
0x00007fff940f0000 - 0x00007fff94117000 	C:\Windows\System32\bcrypt.dll
0x00007fff93d40000 - 0x00007fff93d6e000 	C:\Windows\SYSTEM32\USERENV.dll
0x00007fff942d0000 - 0x00007fff9434f000 	C:\Windows\System32\bcryptprimitives.dll
0x00007fff93780000 - 0x00007fff9378c000 	C:\Windows\SYSTEM32\CRYPTBASE.dll
0x00007fff932a0000 - 0x00007fff932db000 	C:\Windows\SYSTEM32\IPHLPAPI.DLL
0x00007fff96580000 - 0x00007fff96589000 	C:\Windows\System32\NSI.dll
0x00007fff8a6d0000 - 0x00007fff8a6e7000 	C:\Windows\SYSTEM32\dhcpcsvc6.DLL
0x00007fff8b290000 - 0x00007fff8b2ad000 	C:\Windows\SYSTEM32\dhcpcsvc.DLL
0x00007fff932e0000 - 0x00007fff933aa000 	C:\Windows\SYSTEM32\DNSAPI.dll
0x00007fff79e40000 - 0x00007fff79e64000 	D:\STUDIO\androidStu\jre\jre\bin\sunec.dll
0x00007fff82520000 - 0x00007fff8252a000 	C:\Windows\System32\rasadhlp.dll
0x00007fff82eb0000 - 0x00007fff82f2f000 	C:\Windows\System32\fwpuclnt.dll
0x00007fff8b330000 - 0x00007fff8b33b000 	D:\STUDIO\androidStu\jre\jre\bin\sunmscapi.dll
0x00007fff93f90000 - 0x00007fff940ed000 	C:\Windows\System32\CRYPT32.dll
0x00007fff92bf0000 - 0x00007fff92c23000 	C:\Windows\SYSTEM32\ntmarta.dll
0x00007fff69600000 - 0x00007fff6979c000 	D:\STUDIO\androidStu\jre\jre\bin\awt.dll
0x00007fff955f0000 - 0x00007fff956bd000 	C:\Windows\System32\OLEAUT32.dll
0x00007fff91850000 - 0x00007fff9187e000 	C:\Windows\SYSTEM32\dwmapi.dll
0x00007fff90130000 - 0x00007fff906f0000 	C:\Windows\SYSTEM32\d2d1.dll
0x00007fff91310000 - 0x00007fff913a0000 	C:\Windows\SYSTEM32\apphelp.dll
0x00007fff914a0000 - 0x00007fff9153f000 	C:\Windows\system32\uxtheme.dll
0x00007fff8f5c0000 - 0x00007fff8f5de000 	C:\Users\Vishal\AppData\Local\Temp\native-platform3368118449654808393dir\native-platform.dll

VM Arguments:
jvm_args: -Xmx4096m -Dfile.encoding=windows-1252 -Duser.country=US -Duser.language=en -Duser.variant 
java_command: org.gradle.launcher.daemon.bootstrap.GradleDaemon 6.1.1
java_class_path (initial): C:\Users\Vishal\.gradle\wrapper\dists\gradle-6.1.1-all\cfmwm155h49vnt3hynmlrsdst\gradle-6.1.1\lib\gradle-launcher-6.1.1.jar
Launcher Type: SUN_STANDARD

Environment Variables:
PATH=C:\Windows\system32;C:\Windows;C:\Windows\System32\Wbem;C:\Windows\System32\WindowsPowerShell\v1.0\;C:\Windows\System32\OpenSSH\;C:\Users\Vishal\AppData\Local\Microsoft\WindowsApps;
USERNAME=Vishal K Asware
OS=Windows_NT
PROCESSOR_IDENTIFIER=AMD64 Family 23 Model 24 Stepping 1, AuthenticAMD



---------------  S Y S T E M  ---------------

OS: Windows 10.0 , 64 bit Build 19041 (10.0.19041.207)

CPU:total 8 (initial active 8) (8 cores per cpu, 1 threads per core) family 23 model 24 stepping 1, cmov, cx8, fxsr, mmx, sse, sse2, sse3, ssse3, sse4.1, sse4.2, popcnt, avx, avx2, aes, clmul, mmxext, 3dnowpref, lzcnt, sse4a, tsc, tscinvbit, tscinv, bmi1

Memory: 4k page, physical 3616372k(308416k free), swap 10101148k(2224k free)

vm_info: OpenJDK 64-Bit Server VM (25.242-b01) for windows-amd64 JRE (1.8.0_242-release-1644-b01), built by "builder" with MS VC++ 10.0 (VS2010)

time: Sat Jul 11 15:12:16 2020
timezone: Pacific Daylight Time
elapsed time: 3538 seconds (0d 0h 58m 58s)

